Using pre-set license
Built from '2020.3/release' branch; Version is '2020.3.1f1 (77a89f25062f) revision 7841951'; Using compiler version '192528614'; Build Type 'Release'
OS: 'Windows 10 Home Single Language; OS build 19043.1165; Version 2009; 64bit' Language: 'ru' Physical Memory: 8142 MB
BatchMode: 1, IsHumanControllingUs: 0, StartBugReporterOnCrash: 0, Is64bit: 1, IsPro: 0

 COMMAND LINE ARGUMENTS:
M:\Unity\2020.3.1f1\Editor\Unity.exe
-adb2
-batchMode
-noUpm
-name
AssetImportWorker0
-projectPath
M:/Unity Projects/Roll-a-Ball_Tea
-logFile
Logs/AssetImportWorker0.log
-srvPort
54966
Successfully changed project path to: M:/Unity Projects/Roll-a-Ball_Tea
M:/Unity Projects/Roll-a-Ball_Tea
Using Asset Import Pipeline V2.
Refreshing native plugins compatible for Editor in 32.48 ms, found 0 plugins.
Preloading 0 native plugins for Editor in 0.00 ms.
Initialize engine version: 2020.3.1f1 (77a89f25062f)
[Subsystems] Discovering subsystems at path M:/Unity/2020.3.1f1/Editor/Data/Resources/UnitySubsystems
[Subsystems] Discovering subsystems at path M:/Unity Projects/Roll-a-Ball_Tea/Assets
GfxDevice: creating device client; threaded=0
Direct3D:
    Version:  Direct3D 11.0 [level 11.0]
    Renderer: NVIDIA GeForce GTX 745 (ID=0x1382)
    Vendor:   
    VRAM:     4053 MB
Initialize mono
Mono path[0] = 'M:/Unity/2020.3.1f1/Editor/Data/Managed'
Mono path[1] = 'M:/Unity/2020.3.1f1/Editor/Data/MonoBleedingEdge/lib/mono/unityjit'
Mono config path = 'M:/Unity/2020.3.1f1/Editor/Data/MonoBleedingEdge/etc'
Using monoOptions --debugger-agent=transport=dt_socket,embedding=1,server=y,suspend=n,address=127.0.0.1:56348
Begin MonoManager ReloadAssembly
Registering precompiled unity dll's ...
Register platform support module: M:/Unity/2020.3.1f1/Editor/Data/PlaybackEngines/WindowsStandaloneSupport/UnityEditor.WindowsStandalone.Extensions.dll
Registered in 0.001606 seconds.
Native extension for WindowsStandalone target not found
Refreshing native plugins compatible for Editor in 28.35 ms, found 0 plugins.
Preloading 0 native plugins for Editor in 0.00 ms.
Invoked RoslynAnalysisRunner static constructor.
RoslynAnalysisRunner will not be running.
RoslynAnalysisRunner has terminated.
Mono: successfully reloaded assembly
- Completed reload, in  1.090 seconds
Platform modules already initialized, skipping
Registering precompiled user dll's ...
Registered in 0.000684 seconds.
Begin MonoManager ReloadAssembly
Native extension for WindowsStandalone target not found
Refreshing native plugins compatible for Editor in 0.29 ms, found 0 plugins.
Preloading 0 native plugins for Editor in 0.00 ms.
Invoked RoslynAnalysisRunner static constructor.
RoslynAnalysisRunner will not be running.
RoslynAnalysisRunner has terminated.
Mono: successfully reloaded assembly
- Completed reload, in  0.951 seconds
Platform modules already initialized, skipping
========================================================================
Worker process is ready to serve import requests
Launched and connected shader compiler UnityShaderCompiler.exe after 0.33 seconds
Refreshing native plugins compatible for Editor in 0.44 ms, found 0 plugins.
Preloading 0 native plugins for Editor in 0.00 ms.
Unloading 1267 Unused Serialized files (Serialized files now loaded: 0)
System memory in use before: 65.5 MB.
System memory in use after: 65.6 MB.

Unloading 10 unused Assets to reduce memory usage. Loaded Objects now: 1710.
Total: 2.114800 ms (FindLiveObjects: 0.165100 ms CreateObjectMapping: 0.146400 ms MarkObjects: 1.686700 ms  DeleteObjects: 0.115700 ms)

========================================================================
Received Import Request.
  path: Assets/Code/Bonuses.cs
  artifactKey: Guid(02b6acbf1ad4ab041b7522f400ca7e57) Importer(815301076,1909f56bfc062723c751e8b465ee728b)
Start importing Assets/Code/Bonuses.cs using Guid(02b6acbf1ad4ab041b7522f400ca7e57) Importer(815301076,1909f56bfc062723c751e8b465ee728b)  -> (artifact id: '0fe04a09f007c3c4270579f0409b6e23') in 2.978707 seconds
  Import took 2.999327 seconds .

========================================================================
Received Import Request.
  Time since last request: 1027.561304 seconds.
  path: Assets/Code/New Folder
  artifactKey: Guid(797740f4ee0cf6548a02f8ebdb507ffa) Importer(815301076,1909f56bfc062723c751e8b465ee728b)
Start importing Assets/Code/New Folder using Guid(797740f4ee0cf6548a02f8ebdb507ffa) Importer(815301076,1909f56bfc062723c751e8b465ee728b)  -> (artifact id: '8e71302e87fed26dac6a38f2c477380a') in 0.014215 seconds
  Import took 0.041125 seconds .

========================================================================
Received Import Request.
  Time since last request: 10.342322 seconds.
  path: Assets/Code/Bonuses
  artifactKey: Guid(797740f4ee0cf6548a02f8ebdb507ffa) Importer(815301076,1909f56bfc062723c751e8b465ee728b)
Start importing Assets/Code/Bonuses using Guid(797740f4ee0cf6548a02f8ebdb507ffa) Importer(815301076,1909f56bfc062723c751e8b465ee728b)  -> (artifact id: 'f95f711f88a6747952b20848bd6884fc') in 0.009765 seconds
  Import took 0.025819 seconds .

========================================================================
Received Import Request.
  Time since last request: 133.981700 seconds.
  path: Assets/Code/Bonuses/DataBonus.cs
  artifactKey: Guid(adb2a5f4d61e8d3439d2cf3e11b4aca1) Importer(815301076,1909f56bfc062723c751e8b465ee728b)
Start importing Assets/Code/Bonuses/DataBonus.cs using Guid(adb2a5f4d61e8d3439d2cf3e11b4aca1) Importer(815301076,1909f56bfc062723c751e8b465ee728b)  -> (artifact id: 'cd8533e6270e8da435a36af18bde999f') in 0.006153 seconds
  Import took 0.034268 seconds .

========================================================================
Received Prepare
Registering precompiled user dll's ...
Registered in 0.003406 seconds.
Begin MonoManager ReloadAssembly
Native extension for WindowsStandalone target not found
Refreshing native plugins compatible for Editor in 0.32 ms, found 0 plugins.
Preloading 0 native plugins for Editor in 0.00 ms.
Invoked RoslynAnalysisRunner static constructor.
RoslynAnalysisRunner will not be running.
RoslynAnalysisRunner has terminated.
Mono: successfully reloaded assembly
- Completed reload, in  4.298 seconds
Platform modules already initialized, skipping
Refreshing native plugins compatible for Editor in 0.47 ms, found 0 plugins.
Preloading 0 native plugins for Editor in 0.00 ms.
Unloading 1236 Unused Serialized files (Serialized files now loaded: 0)
System memory in use before: 63.4 MB.
System memory in use after: 63.5 MB.

Unloading 5 unused Assets to reduce memory usage. Loaded Objects now: 1714.
Total: 2.306800 ms (FindLiveObjects: 0.239000 ms CreateObjectMapping: 0.053600 ms MarkObjects: 1.869300 ms  DeleteObjects: 0.142800 ms)

========================================================================
Received Import Request.
  Time since last request: 344.127005 seconds.
  path: Assets/Code/Bonuses/DataBonus.cs
  artifactKey: Guid(adb2a5f4d61e8d3439d2cf3e11b4aca1) Importer(815301076,1909f56bfc062723c751e8b465ee728b)
Start importing Assets/Code/Bonuses/DataBonus.cs using Guid(adb2a5f4d61e8d3439d2cf3e11b4aca1) Importer(815301076,1909f56bfc062723c751e8b465ee728b)  -> (artifact id: 'f57d5161ffbcde2e6b30d26a94cb8737') in 0.010601 seconds
  Import took 0.041379 seconds .

========================================================================
Received Import Request.
  Time since last request: 1130.286904 seconds.
  path: Assets/Code/BonusCode
  artifactKey: Guid(797740f4ee0cf6548a02f8ebdb507ffa) Importer(815301076,1909f56bfc062723c751e8b465ee728b)
Start importing Assets/Code/BonusCode using Guid(797740f4ee0cf6548a02f8ebdb507ffa) Importer(815301076,1909f56bfc062723c751e8b465ee728b)  -> (artifact id: '7b5609462de284f545368caab0b82928') in 0.080511 seconds
  Import took 0.098519 seconds .

========================================================================
Received Prepare
Registering precompiled user dll's ...
Registered in 0.001091 seconds.
Begin MonoManager ReloadAssembly
Native extension for WindowsStandalone target not found
Refreshing native plugins compatible for Editor in 1.03 ms, found 0 plugins.
Preloading 0 native plugins for Editor in 0.00 ms.
Invoked RoslynAnalysisRunner static constructor.
RoslynAnalysisRunner will not be running.
RoslynAnalysisRunner has terminated.
Mono: successfully reloaded assembly
- Completed reload, in  3.644 seconds
Platform modules already initialized, skipping
Refreshing native plugins compatible for Editor in 0.39 ms, found 0 plugins.
Preloading 0 native plugins for Editor in 0.00 ms.
Unloading 1237 Unused Serialized files (Serialized files now loaded: 0)
System memory in use before: 63.5 MB.
System memory in use after: 63.5 MB.

Unloading 5 unused Assets to reduce memory usage. Loaded Objects now: 1718.
Total: 193.222700 ms (FindLiveObjects: 2.711000 ms CreateObjectMapping: 0.078100 ms MarkObjects: 138.262100 ms  DeleteObjects: 52.167500 ms)

========================================================================
Received Prepare
Registering precompiled user dll's ...
Registered in 0.000788 seconds.
Begin MonoManager ReloadAssembly
Native extension for WindowsStandalone target not found
Refreshing native plugins compatible for Editor in 0.99 ms, found 0 plugins.
Preloading 0 native plugins for Editor in 0.00 ms.
Invoked RoslynAnalysisRunner static constructor.
RoslynAnalysisRunner will not be running.
RoslynAnalysisRunner has terminated.
Mono: successfully reloaded assembly
- Completed reload, in  2.732 seconds
Platform modules already initialized, skipping
Refreshing native plugins compatible for Editor in 0.42 ms, found 0 plugins.
Preloading 0 native plugins for Editor in 0.00 ms.
Unloading 1237 Unused Serialized files (Serialized files now loaded: 0)
System memory in use before: 63.5 MB.
System memory in use after: 63.6 MB.

Unloading 5 unused Assets to reduce memory usage. Loaded Objects now: 1721.
Total: 2.571500 ms (FindLiveObjects: 0.202300 ms CreateObjectMapping: 0.052400 ms MarkObjects: 2.228000 ms  DeleteObjects: 0.087500 ms)

========================================================================
Received Prepare
Registering precompiled user dll's ...
Registered in 0.033027 seconds.
Begin MonoManager ReloadAssembly
Native extension for WindowsStandalone target not found
Refreshing native plugins compatible for Editor in 0.72 ms, found 0 plugins.
Preloading 0 native plugins for Editor in 0.00 ms.
Invoked RoslynAnalysisRunner static constructor.
RoslynAnalysisRunner will not be running.
RoslynAnalysisRunner has terminated.
Mono: successfully reloaded assembly
- Completed reload, in 10.919 seconds
Platform modules already initialized, skipping
Script is not up to date after domain reload: guid(39c08f5b51e845fb8b79b9a66ab4a6fb) path("Assets/Code/BonusCode/CreateBonuses.cs") state(2)
Refreshing native plugins compatible for Editor in 0.31 ms, found 0 plugins.
Preloading 0 native plugins for Editor in 0.00 ms.
Unloading 1238 Unused Serialized files (Serialized files now loaded: 0)
System memory in use before: 63.5 MB.
System memory in use after: 63.6 MB.

Unloading 5 unused Assets to reduce memory usage. Loaded Objects now: 1725.
Total: 2.141900 ms (FindLiveObjects: 0.147700 ms CreateObjectMapping: 0.041200 ms MarkObjects: 1.873700 ms  DeleteObjects: 0.078200 ms)

========================================================================
Received Prepare
Registering precompiled user dll's ...
Registered in 0.000886 seconds.
Begin MonoManager ReloadAssembly
Native extension for WindowsStandalone target not found
Refreshing native plugins compatible for Editor in 0.26 ms, found 0 plugins.
Preloading 0 native plugins for Editor in 0.00 ms.
Invoked RoslynAnalysisRunner static constructor.
RoslynAnalysisRunner will not be running.
RoslynAnalysisRunner has terminated.
Mono: successfully reloaded assembly
- Completed reload, in  2.306 seconds
Platform modules already initialized, skipping
Refreshing native plugins compatible for Editor in 0.35 ms, found 0 plugins.
Preloading 0 native plugins for Editor in 0.00 ms.
Unloading 1239 Unused Serialized files (Serialized files now loaded: 0)
System memory in use before: 63.5 MB.
System memory in use after: 63.6 MB.

Unloading 5 unused Assets to reduce memory usage. Loaded Objects now: 1729.
Total: 2.075100 ms (FindLiveObjects: 0.314400 ms CreateObjectMapping: 0.053600 ms MarkObjects: 1.632400 ms  DeleteObjects: 0.072700 ms)

========================================================================
Received Prepare
Registering precompiled user dll's ...
Registered in 0.000699 seconds.
Begin MonoManager ReloadAssembly
Native extension for WindowsStandalone target not found
Refreshing native plugins compatible for Editor in 0.26 ms, found 0 plugins.
Preloading 0 native plugins for Editor in 0.00 ms.
Invoked RoslynAnalysisRunner static constructor.
RoslynAnalysisRunner will not be running.
RoslynAnalysisRunner has terminated.
Mono: successfully reloaded assembly
- Completed reload, in  1.715 seconds
Platform modules already initialized, skipping
Refreshing native plugins compatible for Editor in 0.71 ms, found 0 plugins.
Preloading 0 native plugins for Editor in 0.00 ms.
Unloading 1239 Unused Serialized files (Serialized files now loaded: 0)
System memory in use before: 63.5 MB.
System memory in use after: 63.6 MB.

Unloading 5 unused Assets to reduce memory usage. Loaded Objects now: 1732.
Total: 2.036600 ms (FindLiveObjects: 0.180000 ms CreateObjectMapping: 0.042200 ms MarkObjects: 1.742000 ms  DeleteObjects: 0.070800 ms)

========================================================================
Received Prepare
Registering precompiled user dll's ...
Registered in 0.000800 seconds.
Begin MonoManager ReloadAssembly
Native extension for WindowsStandalone target not found
Refreshing native plugins compatible for Editor in 0.27 ms, found 0 plugins.
Preloading 0 native plugins for Editor in 0.00 ms.
Invoked RoslynAnalysisRunner static constructor.
RoslynAnalysisRunner will not be running.
RoslynAnalysisRunner has terminated.
Mono: successfully reloaded assembly
- Completed reload, in  1.394 seconds
Platform modules already initialized, skipping
Refreshing native plugins compatible for Editor in 0.61 ms, found 0 plugins.
Preloading 0 native plugins for Editor in 0.00 ms.
Unloading 1239 Unused Serialized files (Serialized files now loaded: 0)
System memory in use before: 63.5 MB.
System memory in use after: 63.6 MB.

Unloading 5 unused Assets to reduce memory usage. Loaded Objects now: 1735.
Total: 4.084700 ms (FindLiveObjects: 0.265100 ms CreateObjectMapping: 0.087500 ms MarkObjects: 3.630700 ms  DeleteObjects: 0.098900 ms)

========================================================================
Received Import Request.
  Time since last request: 4308.471060 seconds.
  path: Assets/Code/BonusCode/DataBonus.cs
  artifactKey: Guid(adb2a5f4d61e8d3439d2cf3e11b4aca1) Importer(815301076,1909f56bfc062723c751e8b465ee728b)
Start importing Assets/Code/BonusCode/DataBonus.cs using Guid(adb2a5f4d61e8d3439d2cf3e11b4aca1) Importer(815301076,1909f56bfc062723c751e8b465ee728b)  -> (artifact id: 'e327c3521d5cde55a6fc631079687ca0') in 0.051587 seconds
  Import took 0.151682 seconds .

========================================================================
Received Prepare
Registering precompiled user dll's ...
Registered in 0.000609 seconds.
Begin MonoManager ReloadAssembly
Native extension for WindowsStandalone target not found
Refreshing native plugins compatible for Editor in 0.26 ms, found 0 plugins.
Preloading 0 native plugins for Editor in 0.00 ms.
Invoked RoslynAnalysisRunner static constructor.
RoslynAnalysisRunner will not be running.
RoslynAnalysisRunner has terminated.
Mono: successfully reloaded assembly
- Completed reload, in  0.930 seconds
Platform modules already initialized, skipping
Refreshing native plugins compatible for Editor in 0.27 ms, found 0 plugins.
Preloading 0 native plugins for Editor in 0.00 ms.
Unloading 1239 Unused Serialized files (Serialized files now loaded: 0)
System memory in use before: 63.6 MB.
System memory in use after: 63.6 MB.

Unloading 5 unused Assets to reduce memory usage. Loaded Objects now: 1738.
Total: 1.862900 ms (FindLiveObjects: 0.266900 ms CreateObjectMapping: 0.045100 ms MarkObjects: 1.484900 ms  DeleteObjects: 0.064300 ms)

========================================================================
Received Import Request.
  Time since last request: 69.344594 seconds.
  path: Assets/Code/BonusCode/DataBonus.cs
  artifactKey: Guid(adb2a5f4d61e8d3439d2cf3e11b4aca1) Importer(815301076,1909f56bfc062723c751e8b465ee728b)
Start importing Assets/Code/BonusCode/DataBonus.cs using Guid(adb2a5f4d61e8d3439d2cf3e11b4aca1) Importer(815301076,1909f56bfc062723c751e8b465ee728b)  -> (artifact id: 'b070f36388c8808f6a7fe9a614999d6d') in 0.006729 seconds
  Import took 0.026606 seconds .

========================================================================
Received Prepare
Registering precompiled user dll's ...
Registered in 0.000734 seconds.
Begin MonoManager ReloadAssembly
Native extension for WindowsStandalone target not found
Refreshing native plugins compatible for Editor in 0.26 ms, found 0 plugins.
Preloading 0 native plugins for Editor in 0.00 ms.
Invoked RoslynAnalysisRunner static constructor.
RoslynAnalysisRunner will not be running.
RoslynAnalysisRunner has terminated.
Mono: successfully reloaded assembly
- Completed reload, in  1.040 seconds
Platform modules already initialized, skipping
Refreshing native plugins compatible for Editor in 0.45 ms, found 0 plugins.
Preloading 0 native plugins for Editor in 0.00 ms.
Unloading 1239 Unused Serialized files (Serialized files now loaded: 0)
System memory in use before: 63.6 MB.
System memory in use after: 63.6 MB.

Unloading 5 unused Assets to reduce memory usage. Loaded Objects now: 1741.
Total: 4.027200 ms (FindLiveObjects: 0.476200 ms CreateObjectMapping: 0.072300 ms MarkObjects: 3.388300 ms  DeleteObjects: 0.088700 ms)

========================================================================
Received Import Request.
  Time since last request: 154.563964 seconds.
  path: Assets/Code/BonusCode/DataBonus.cs
  artifactKey: Guid(adb2a5f4d61e8d3439d2cf3e11b4aca1) Importer(815301076,1909f56bfc062723c751e8b465ee728b)
Start importing Assets/Code/BonusCode/DataBonus.cs using Guid(adb2a5f4d61e8d3439d2cf3e11b4aca1) Importer(815301076,1909f56bfc062723c751e8b465ee728b)  -> (artifact id: '1a98a02bf15edcb67caae105ed354df2') in 0.006933 seconds
  Import took 0.028973 seconds .

========================================================================
Received Prepare
Registering precompiled user dll's ...
Registered in 0.000779 seconds.
Begin MonoManager ReloadAssembly
Native extension for WindowsStandalone target not found
Refreshing native plugins compatible for Editor in 0.25 ms, found 0 plugins.
Preloading 0 native plugins for Editor in 0.00 ms.
Invoked RoslynAnalysisRunner static constructor.
RoslynAnalysisRunner will not be running.
RoslynAnalysisRunner has terminated.
Mono: successfully reloaded assembly
- Completed reload, in  1.134 seconds
Platform modules already initialized, skipping
Refreshing native plugins compatible for Editor in 0.65 ms, found 0 plugins.
Preloading 0 native plugins for Editor in 0.00 ms.
Unloading 1240 Unused Serialized files (Serialized files now loaded: 0)
System memory in use before: 63.6 MB.
System memory in use after: 63.7 MB.

Unloading 5 unused Assets to reduce memory usage. Loaded Objects now: 1745.
Total: 5.796800 ms (FindLiveObjects: 0.548500 ms CreateObjectMapping: 0.176800 ms MarkObjects: 4.915300 ms  DeleteObjects: 0.152400 ms)

========================================================================
Received Prepare
Registering precompiled user dll's ...
Registered in 0.000680 seconds.
Begin MonoManager ReloadAssembly
Native extension for WindowsStandalone target not found
Refreshing native plugins compatible for Editor in 0.48 ms, found 0 plugins.
Preloading 0 native plugins for Editor in 0.00 ms.
Invoked RoslynAnalysisRunner static constructor.
RoslynAnalysisRunner will not be running.
RoslynAnalysisRunner has terminated.
Mono: successfully reloaded assembly
- Completed reload, in  0.891 seconds
Platform modules already initialized, skipping
Refreshing native plugins compatible for Editor in 0.32 ms, found 0 plugins.
Preloading 0 native plugins for Editor in 0.00 ms.
Unloading 1240 Unused Serialized files (Serialized files now loaded: 0)
System memory in use before: 63.6 MB.
System memory in use after: 63.7 MB.

Unloading 5 unused Assets to reduce memory usage. Loaded Objects now: 1748.
Total: 5.104800 ms (FindLiveObjects: 0.414700 ms CreateObjectMapping: 0.131200 ms MarkObjects: 4.452200 ms  DeleteObjects: 0.104000 ms)

========================================================================
Received Import Request.
  Time since last request: 8024.591479 seconds.
  path: Assets/Code/BonusCode/BonusSingleClass.cs
  artifactKey: Guid(dc070de9ec1f4587b5f443948c4eeffc) Importer(815301076,1909f56bfc062723c751e8b465ee728b)
Start importing Assets/Code/BonusCode/BonusSingleClass.cs using Guid(dc070de9ec1f4587b5f443948c4eeffc) Importer(815301076,1909f56bfc062723c751e8b465ee728b)  -> (artifact id: 'd4f2c4a4f89021e15aaa8fc08cbf04a4') in 58.989397 seconds
  Import took 103.682034 seconds .

========================================================================
Received Prepare
Registering precompiled user dll's ...
Registered in 0.016083 seconds.
Begin MonoManager ReloadAssembly
Native extension for WindowsStandalone target not found
Refreshing native plugins compatible for Editor in 0.57 ms, found 0 plugins.
Preloading 0 native plugins for Editor in 0.00 ms.
Invoked RoslynAnalysisRunner static constructor.
RoslynAnalysisRunner will not be running.
RoslynAnalysisRunner has terminated.
Mono: successfully reloaded assembly
- Completed reload, in  7.704 seconds
Platform modules already initialized, skipping
Refreshing native plugins compatible for Editor in 0.48 ms, found 0 plugins.
Preloading 0 native plugins for Editor in 0.00 ms.
Unloading 1240 Unused Serialized files (Serialized files now loaded: 0)
System memory in use before: 63.6 MB.
System memory in use after: 63.7 MB.

Unloading 5 unused Assets to reduce memory usage. Loaded Objects now: 1751.
Total: 32.781200 ms (FindLiveObjects: 0.356100 ms CreateObjectMapping: 0.137600 ms MarkObjects: 32.045600 ms  DeleteObjects: 0.238300 ms)

========================================================================
Received Import Request.
  Time since last request: 4124.000179 seconds.
  path: Assets/Code/BonusCode/BonusSpawn.cs
  artifactKey: Guid(d24cfc4b0cf94cb2ae6981f2092c7faf) Importer(815301076,1909f56bfc062723c751e8b465ee728b)
Start importing Assets/Code/BonusCode/BonusSpawn.cs using Guid(d24cfc4b0cf94cb2ae6981f2092c7faf) Importer(815301076,1909f56bfc062723c751e8b465ee728b)  -> (artifact id: 'c4c0dc78bde87982aa8382a097691d70') in 0.034710 seconds
  Import took 0.050079 seconds .

========================================================================
Received Import Request.
  Time since last request: 0.000338 seconds.
  path: Assets/Code/BonusCode/DataBonus.cs
  artifactKey: Guid(adb2a5f4d61e8d3439d2cf3e11b4aca1) Importer(815301076,1909f56bfc062723c751e8b465ee728b)
Start importing Assets/Code/BonusCode/DataBonus.cs using Guid(adb2a5f4d61e8d3439d2cf3e11b4aca1) Importer(815301076,1909f56bfc062723c751e8b465ee728b)  -> (artifact id: '4481b30cba4890bc2aca4906cad941ce') in 0.016453 seconds
  Import took 0.037651 seconds .

========================================================================
Received Import Request.
  Time since last request: 0.000283 seconds.
  path: Assets/Code/BonusCode/IRandomPosition.cs
  artifactKey: Guid(05a47eec641341c8a316fc229d6e80f4) Importer(815301076,1909f56bfc062723c751e8b465ee728b)
Start importing Assets/Code/BonusCode/IRandomPosition.cs using Guid(05a47eec641341c8a316fc229d6e80f4) Importer(815301076,1909f56bfc062723c751e8b465ee728b)  -> (artifact id: 'd0cf8bcd2c1b6204a3bcc44e92d469ff') in 0.003080 seconds
  Import took 0.015270 seconds .

========================================================================
Received Import Request.
  Time since last request: 0.000322 seconds.
  path: Assets/Code/BonusCode/ICreateBonuses.cs
  artifactKey: Guid(39c08f5b51e845fb8b79b9a66ab4a6fb) Importer(815301076,1909f56bfc062723c751e8b465ee728b)
Start importing Assets/Code/BonusCode/ICreateBonuses.cs using Guid(39c08f5b51e845fb8b79b9a66ab4a6fb) Importer(815301076,1909f56bfc062723c751e8b465ee728b)  -> (artifact id: '08321e8a715da01e6a1e309094061e72') in 0.010857 seconds
  Import took 0.022295 seconds .

========================================================================
Received Prepare
Registering precompiled user dll's ...
Registered in 0.000933 seconds.
Begin MonoManager ReloadAssembly
Native extension for WindowsStandalone target not found
Refreshing native plugins compatible for Editor in 0.28 ms, found 0 plugins.
Preloading 0 native plugins for Editor in 0.00 ms.
Invoked RoslynAnalysisRunner static constructor.
RoslynAnalysisRunner will not be running.
RoslynAnalysisRunner has terminated.
Mono: successfully reloaded assembly
- Completed reload, in  1.722 seconds
Platform modules already initialized, skipping
Refreshing native plugins compatible for Editor in 0.77 ms, found 0 plugins.
Preloading 0 native plugins for Editor in 0.00 ms.
Unloading 1241 Unused Serialized files (Serialized files now loaded: 0)
System memory in use before: 63.6 MB.
System memory in use after: 63.7 MB.

Unloading 5 unused Assets to reduce memory usage. Loaded Objects now: 1755.
Total: 93.869600 ms (FindLiveObjects: 27.904700 ms CreateObjectMapping: 0.166200 ms MarkObjects: 53.993700 ms  DeleteObjects: 11.800200 ms)

========================================================================
Received Prepare
Registering precompiled user dll's ...
Registered in 0.000858 seconds.
Begin MonoManager ReloadAssembly
Native extension for WindowsStandalone target not found
Refreshing native plugins compatible for Editor in 0.40 ms, found 0 plugins.
Preloading 0 native plugins for Editor in 0.00 ms.
Invoked RoslynAnalysisRunner static constructor.
RoslynAnalysisRunner will not be running.
RoslynAnalysisRunner has terminated.
Mono: successfully reloaded assembly
- Completed reload, in  1.406 seconds
Platform modules already initialized, skipping
Refreshing native plugins compatible for Editor in 0.27 ms, found 0 plugins.
Preloading 0 native plugins for Editor in 0.00 ms.
Unloading 1241 Unused Serialized files (Serialized files now loaded: 0)
System memory in use before: 63.6 MB.
System memory in use after: 63.7 MB.

Unloading 5 unused Assets to reduce memory usage. Loaded Objects now: 1758.
Total: 2.055500 ms (FindLiveObjects: 0.199200 ms CreateObjectMapping: 0.040000 ms MarkObjects: 1.704300 ms  DeleteObjects: 0.110700 ms)

========================================================================
Received Import Request.
  Time since last request: 3650.973978 seconds.
  path: Assets/Materials/AddSSph.mat
  artifactKey: Guid(9ba43b0dd2caf324fbf749d437462965) Importer(815301076,1909f56bfc062723c751e8b465ee728b)
Start importing Assets/Materials/AddSSph.mat using Guid(9ba43b0dd2caf324fbf749d437462965) Importer(815301076,1909f56bfc062723c751e8b465ee728b)  -> (artifact id: '5b360b9a5fdda35e494414e4d183f8e3') in 2.490646 seconds
  Import took 2.513695 seconds .

========================================================================
Received Import Request.
  Time since last request: 0.010208 seconds.
  path: Assets/Materials/Atlas_Props_Glass.mat
  artifactKey: Guid(4aa9946d6c523cb43bc4fe4e5cf16d0d) Importer(815301076,1909f56bfc062723c751e8b465ee728b)
Start importing Assets/Materials/Atlas_Props_Glass.mat using Guid(4aa9946d6c523cb43bc4fe4e5cf16d0d) Importer(815301076,1909f56bfc062723c751e8b465ee728b)  -> (artifact id: 'b9608f4796f74e41567299f532759f61') in 1.954799 seconds
  Import took 2.023045 seconds .

========================================================================
Received Import Request.
  Time since last request: 0.000764 seconds.
  path: Assets/Materials/Walls.mat
  artifactKey: Guid(768c4238bf8fd8b42b103cecf7ef1814) Importer(815301076,1909f56bfc062723c751e8b465ee728b)
Start importing Assets/Materials/Walls.mat using Guid(768c4238bf8fd8b42b103cecf7ef1814) Importer(815301076,1909f56bfc062723c751e8b465ee728b)  -> (artifact id: 'ed0b3191cce7ed6a8bcf32cd57126872') in 0.133631 seconds
  Import took 0.155384 seconds .

========================================================================
Received Import Request.
  Time since last request: 0.000411 seconds.
  path: Assets/Materials/Floor.mat
  artifactKey: Guid(ad0d1acc7c424214f811b447a4afc7c5) Importer(815301076,1909f56bfc062723c751e8b465ee728b)
Start importing Assets/Materials/Floor.mat using Guid(ad0d1acc7c424214f811b447a4afc7c5) Importer(815301076,1909f56bfc062723c751e8b465ee728b)  -> (artifact id: 'e12a6f6e421e58e3ad332fcc423ba0a5') in 0.029911 seconds
  Import took 0.050220 seconds .

========================================================================
Received Import Request.
  Time since last request: 0.000316 seconds.
  path: Assets/Materials/PlayerBall.mat
  artifactKey: Guid(44554f31fc28a284595b585a636d3c24) Importer(815301076,1909f56bfc062723c751e8b465ee728b)
Start importing Assets/Materials/PlayerBall.mat using Guid(44554f31fc28a284595b585a636d3c24) Importer(815301076,1909f56bfc062723c751e8b465ee728b)  -> (artifact id: '91267817e92c409f7bb8732248210299') in 0.046907 seconds
  Import took 0.056054 seconds .

========================================================================
Received Import Request.
  Time since last request: 0.000284 seconds.
  path: Assets/Materials/Atlas_Props_02.mat
  artifactKey: Guid(4d23d42f7e53e6d4596c3fd78ed8bb45) Importer(815301076,1909f56bfc062723c751e8b465ee728b)
Start importing Assets/Materials/Atlas_Props_02.mat using Guid(4d23d42f7e53e6d4596c3fd78ed8bb45) Importer(815301076,1909f56bfc062723c751e8b465ee728b)  -> (artifact id: '2546b31efa1f852a6dd85ea4204ec209') in 0.339027 seconds
  Import took 0.350135 seconds .

========================================================================
Received Import Request.
  Time since last request: 0.000311 seconds.
  path: Assets/Materials/LowerSSph.mat
  artifactKey: Guid(0908b4bc6e4c40d44b6c98f9cd332c8d) Importer(815301076,1909f56bfc062723c751e8b465ee728b)
Start importing Assets/Materials/LowerSSph.mat using Guid(0908b4bc6e4c40d44b6c98f9cd332c8d) Importer(815301076,1909f56bfc062723c751e8b465ee728b)  -> (artifact id: 'ea17c811a6176f018e33942d3c5c5f18') in 0.035066 seconds
  Import took 0.037931 seconds .

========================================================================
Received Import Request.
  Time since last request: 0.000246 seconds.
  path: Assets/Materials/InvisibilityCube.mat
  artifactKey: Guid(9fed564fcaf0d604a8453b0b7324fbcc) Importer(815301076,1909f56bfc062723c751e8b465ee728b)
Start importing Assets/Materials/InvisibilityCube.mat using Guid(9fed564fcaf0d604a8453b0b7324fbcc) Importer(815301076,1909f56bfc062723c751e8b465ee728b)  -> (artifact id: 'f5084032b458b7b0391bad658597434e') in 0.016644 seconds
  Import took 0.030769 seconds .

========================================================================
Received Import Request.
  Time since last request: 0.000304 seconds.
  path: Assets/Materials/EndGame.mat
  artifactKey: Guid(607789503950ae24b8bd6ed67973405d) Importer(815301076,1909f56bfc062723c751e8b465ee728b)
Start importing Assets/Materials/EndGame.mat using Guid(607789503950ae24b8bd6ed67973405d) Importer(815301076,1909f56bfc062723c751e8b465ee728b)  -> (artifact id: 'd31627677f8544f04ec0c1d4825d1a76') in 0.067691 seconds
  Import took 0.084118 seconds .

========================================================================
Received Import Request.
  Time since last request: 0.000466 seconds.
  path: Assets/Materials/DeathCapsule.mat
  artifactKey: Guid(da47ec68e546c0046aa76d47732ed8d0) Importer(815301076,1909f56bfc062723c751e8b465ee728b)
Start importing Assets/Materials/DeathCapsule.mat using Guid(da47ec68e546c0046aa76d47732ed8d0) Importer(815301076,1909f56bfc062723c751e8b465ee728b)  -> (artifact id: '9309e2040fa7e8677948db19222874f3') in 0.019294 seconds
  Import took 0.023804 seconds .

========================================================================
Received Import Request.
  Time since last request: 0.007934 seconds.
  path: Assets/Materials/DeathCapsule.mat
  artifactKey: Guid(da47ec68e546c0046aa76d47732ed8d0) Importer(815301076,1909f56bfc062723c751e8b465ee728b)
Start importing Assets/Materials/DeathCapsule.mat using Guid(da47ec68e546c0046aa76d47732ed8d0) Importer(815301076,1909f56bfc062723c751e8b465ee728b)  -> (artifact id: '9309e2040fa7e8677948db19222874f3') in 0.011842 seconds
  Import took 0.030789 seconds .

========================================================================
Received Import Request.
  Time since last request: 46.133337 seconds.
  path: Assets/Textures/led-uzory-xolod-zima 1.jpg
  artifactKey: Guid(992230620c89c4d4db521faf3c0c4865) Importer(815301076,1909f56bfc062723c751e8b465ee728b)
Start importing Assets/Textures/led-uzory-xolod-zima 1.jpg using Guid(992230620c89c4d4db521faf3c0c4865) Importer(815301076,1909f56bfc062723c751e8b465ee728b)  -> (artifact id: 'c926b9c6dd878f31936ab2d90200022e') in 1.375222 seconds
  Import took 1.393058 seconds .

========================================================================
Received Import Request.
  Time since last request: 43.300503 seconds.
  path: Assets/Textures/led-uzory-xolod-zima 1.jpg
  artifactKey: Guid(992230620c89c4d4db521faf3c0c4865) Importer(815301076,1909f56bfc062723c751e8b465ee728b)
Start importing Assets/Textures/led-uzory-xolod-zima 1.jpg using Guid(992230620c89c4d4db521faf3c0c4865) Importer(815301076,1909f56bfc062723c751e8b465ee728b)  -> (artifact id: 'a1cfc560d48f0a40c8ca5daecd346f11') in 0.350356 seconds
  Import took 0.383550 seconds .

========================================================================
Received Import Request.
  Time since last request: 54.691807 seconds.
  path: Assets/Textures/led-uzory-xolod-zima 2.jpg
  artifactKey: Guid(d5232df9f711bf1429f233903e2f4ad3) Importer(815301076,1909f56bfc062723c751e8b465ee728b)
Start importing Assets/Textures/led-uzory-xolod-zima 2.jpg using Guid(d5232df9f711bf1429f233903e2f4ad3) Importer(815301076,1909f56bfc062723c751e8b465ee728b)  -> (artifact id: 'e7d491bff5d41c194d579fd138ca225e') in 0.054243 seconds
  Import took 0.094753 seconds .

========================================================================
Received Import Request.
  Time since last request: 13.445098 seconds.
  path: Assets/Materials/InvisibilityCube.mat
  artifactKey: Guid(9fed564fcaf0d604a8453b0b7324fbcc) Importer(815301076,1909f56bfc062723c751e8b465ee728b)
Start importing Assets/Materials/InvisibilityCube.mat using Guid(9fed564fcaf0d604a8453b0b7324fbcc) Importer(815301076,1909f56bfc062723c751e8b465ee728b)  -> (artifact id: '2b63e94f4992f961e1e238cd3134d4ac') in 0.077462 seconds
  Import took 0.122580 seconds .

========================================================================
Received Import Request.
  Time since last request: 254.680073 seconds.
  path: Assets/Code/SaveLoad
  artifactKey: Guid(6aaf17b4f2760e348a3542dd6d102d81) Importer(815301076,1909f56bfc062723c751e8b465ee728b)
Start importing Assets/Code/SaveLoad using Guid(6aaf17b4f2760e348a3542dd6d102d81) Importer(815301076,1909f56bfc062723c751e8b465ee728b)  -> (artifact id: '3d1fa1806681f1ea443b6e4c3b396406') in 0.003884 seconds
  Import took 0.019543 seconds .

========================================================================
Received Import Request.
  Time since last request: 0.000640 seconds.
  path: Assets/Code/SaveLoad
  artifactKey: Guid(6aaf17b4f2760e348a3542dd6d102d81) Importer(815301076,1909f56bfc062723c751e8b465ee728b)
Start importing Assets/Code/SaveLoad using Guid(6aaf17b4f2760e348a3542dd6d102d81) Importer(815301076,1909f56bfc062723c751e8b465ee728b)  -> (artifact id: '3d1fa1806681f1ea443b6e4c3b396406') in 0.003464 seconds
  Import took 0.005925 seconds .

========================================================================
Received Prepare
Registering precompiled user dll's ...
Registered in 0.000868 seconds.
Begin MonoManager ReloadAssembly
Native extension for WindowsStandalone target not found
Refreshing native plugins compatible for Editor in 0.32 ms, found 0 plugins.
Preloading 0 native plugins for Editor in 0.00 ms.
Invoked RoslynAnalysisRunner static constructor.
RoslynAnalysisRunner will not be running.
RoslynAnalysisRunner has terminated.
Mono: successfully reloaded assembly
- Completed reload, in  1.131 seconds
Platform modules already initialized, skipping
Refreshing native plugins compatible for Editor in 0.26 ms, found 0 plugins.
Preloading 0 native plugins for Editor in 0.00 ms.
Unloading 1242 Unused Serialized files (Serialized files now loaded: 0)
System memory in use before: 67.1 MB.
System memory in use after: 67.2 MB.

Unloading 5 unused Assets to reduce memory usage. Loaded Objects now: 1807.
Total: 1.960300 ms (FindLiveObjects: 0.155300 ms CreateObjectMapping: 0.040900 ms MarkObjects: 1.678400 ms  DeleteObjects: 0.084900 ms)

========================================================================
Received Prepare
Registering precompiled user dll's ...
Registered in 0.000728 seconds.
Begin MonoManager ReloadAssembly
Native extension for WindowsStandalone target not found
Refreshing native plugins compatible for Editor in 0.27 ms, found 0 plugins.
Preloading 0 native plugins for Editor in 0.00 ms.
Invoked RoslynAnalysisRunner static constructor.
RoslynAnalysisRunner will not be running.
RoslynAnalysisRunner has terminated.
Mono: successfully reloaded assembly
- Completed reload, in  0.921 seconds
Platform modules already initialized, skipping
Refreshing native plugins compatible for Editor in 0.29 ms, found 0 plugins.
Preloading 0 native plugins for Editor in 0.00 ms.
Unloading 1243 Unused Serialized files (Serialized files now loaded: 0)
System memory in use before: 67.1 MB.
System memory in use after: 67.2 MB.

Unloading 5 unused Assets to reduce memory usage. Loaded Objects now: 1811.
Total: 2.006700 ms (FindLiveObjects: 0.230100 ms CreateObjectMapping: 0.061000 ms MarkObjects: 1.652800 ms  DeleteObjects: 0.061400 ms)

========================================================================
Received Prepare
Registering precompiled user dll's ...
Registered in 0.000750 seconds.
Begin MonoManager ReloadAssembly
Native extension for WindowsStandalone target not found
Refreshing native plugins compatible for Editor in 0.30 ms, found 0 plugins.
Preloading 0 native plugins for Editor in 0.00 ms.
Invoked RoslynAnalysisRunner static constructor.
RoslynAnalysisRunner will not be running.
RoslynAnalysisRunner has terminated.
Mono: successfully reloaded assembly
- Completed reload, in  1.036 seconds
Platform modules already initialized, skipping
Refreshing native plugins compatible for Editor in 0.27 ms, found 0 plugins.
Preloading 0 native plugins for Editor in 0.00 ms.
Unloading 1244 Unused Serialized files (Serialized files now loaded: 0)
System memory in use before: 67.2 MB.
System memory in use after: 67.2 MB.

Unloading 5 unused Assets to reduce memory usage. Loaded Objects now: 1815.
Total: 1.907200 ms (FindLiveObjects: 0.160100 ms CreateObjectMapping: 0.041900 ms MarkObjects: 1.634700 ms  DeleteObjects: 0.069300 ms)

========================================================================
Received Prepare
Registering precompiled user dll's ...
Registered in 0.000728 seconds.
Begin MonoManager ReloadAssembly
Native extension for WindowsStandalone target not found
Refreshing native plugins compatible for Editor in 0.27 ms, found 0 plugins.
Preloading 0 native plugins for Editor in 0.00 ms.
Invoked RoslynAnalysisRunner static constructor.
RoslynAnalysisRunner will not be running.
RoslynAnalysisRunner has terminated.
Mono: successfully reloaded assembly
- Completed reload, in  1.379 seconds
Platform modules already initialized, skipping
Refreshing native plugins compatible for Editor in 0.26 ms, found 0 plugins.
Preloading 0 native plugins for Editor in 0.00 ms.
Unloading 1245 Unused Serialized files (Serialized files now loaded: 0)
System memory in use before: 67.2 MB.
System memory in use after: 67.3 MB.

Unloading 5 unused Assets to reduce memory usage. Loaded Objects now: 1819.
Total: 1.995000 ms (FindLiveObjects: 0.157200 ms CreateObjectMapping: 0.044300 ms MarkObjects: 1.700200 ms  DeleteObjects: 0.092100 ms)

========================================================================
Received Prepare
Registering precompiled user dll's ...
Registered in 0.000697 seconds.
Begin MonoManager ReloadAssembly
Native extension for WindowsStandalone target not found
Refreshing native plugins compatible for Editor in 0.25 ms, found 0 plugins.
Preloading 0 native plugins for Editor in 0.00 ms.
Invoked RoslynAnalysisRunner static constructor.
RoslynAnalysisRunner will not be running.
RoslynAnalysisRunner has terminated.
Mono: successfully reloaded assembly
- Completed reload, in  1.053 seconds
Platform modules already initialized, skipping
Refreshing native plugins compatible for Editor in 0.27 ms, found 0 plugins.
Preloading 0 native plugins for Editor in 0.00 ms.
Unloading 1246 Unused Serialized files (Serialized files now loaded: 0)
System memory in use before: 67.2 MB.
System memory in use after: 67.3 MB.

Unloading 5 unused Assets to reduce memory usage. Loaded Objects now: 1823.
Total: 1.861800 ms (FindLiveObjects: 0.171900 ms CreateObjectMapping: 0.044900 ms MarkObjects: 1.569000 ms  DeleteObjects: 0.074500 ms)

========================================================================
Received Import Request.
  Time since last request: 4963.862555 seconds.
  path: Assets/Code/SaveLoad/Data_XML_SL.cs
  artifactKey: Guid(c3cf82f405b44755bbf292ad4b28e439) Importer(815301076,1909f56bfc062723c751e8b465ee728b)
Start importing Assets/Code/SaveLoad/Data_XML_SL.cs using Guid(c3cf82f405b44755bbf292ad4b28e439) Importer(815301076,1909f56bfc062723c751e8b465ee728b)  -> (artifact id: '08116f436b8a4fa1874995a287190698') in 0.068615 seconds
  Import took 0.109162 seconds .

========================================================================
Received Import Request.
  Time since last request: 0.017704 seconds.
  path: Assets/Code/SaveLoad/Data_XML_SL.cs
  artifactKey: Guid(c3cf82f405b44755bbf292ad4b28e439) Importer(815301076,1909f56bfc062723c751e8b465ee728b)
Start importing Assets/Code/SaveLoad/Data_XML_SL.cs using Guid(c3cf82f405b44755bbf292ad4b28e439) Importer(815301076,1909f56bfc062723c751e8b465ee728b)  -> (artifact id: '08116f436b8a4fa1874995a287190698') in 0.007368 seconds
  Import took 0.009821 seconds .

========================================================================
Received Prepare
Registering precompiled user dll's ...
Registered in 0.030876 seconds.
Begin MonoManager ReloadAssembly
Native extension for WindowsStandalone target not found
Refreshing native plugins compatible for Editor in 0.38 ms, found 0 plugins.
Preloading 0 native plugins for Editor in 0.00 ms.
Invoked RoslynAnalysisRunner static constructor.
RoslynAnalysisRunner will not be running.
RoslynAnalysisRunner has terminated.
Mono: successfully reloaded assembly
- Completed reload, in  4.515 seconds
Platform modules already initialized, skipping
Refreshing native plugins compatible for Editor in 0.49 ms, found 0 plugins.
Preloading 0 native plugins for Editor in 0.00 ms.
Unloading 1250 Unused Serialized files (Serialized files now loaded: 0)
System memory in use before: 67.3 MB.
System memory in use after: 67.4 MB.

Unloading 6 unused Assets to reduce memory usage. Loaded Objects now: 1830.
Total: 25.111100 ms (FindLiveObjects: 0.426200 ms CreateObjectMapping: 0.145000 ms MarkObjects: 24.275900 ms  DeleteObjects: 0.258000 ms)

========================================================================
Received Prepare
Registering precompiled user dll's ...
Registered in 0.026558 seconds.
Begin MonoManager ReloadAssembly
Native extension for WindowsStandalone target not found
Refreshing native plugins compatible for Editor in 10.41 ms, found 0 plugins.
Preloading 0 native plugins for Editor in 0.00 ms.
Invoked RoslynAnalysisRunner static constructor.
RoslynAnalysisRunner will not be running.
RoslynAnalysisRunner has terminated.
Mono: successfully reloaded assembly
- Completed reload, in 16.870 seconds
Platform modules already initialized, skipping
Refreshing native plugins compatible for Editor in 0.34 ms, found 0 plugins.
Preloading 0 native plugins for Editor in 0.00 ms.
Unloading 1250 Unused Serialized files (Serialized files now loaded: 0)
System memory in use before: 67.3 MB.
System memory in use after: 67.4 MB.

Unloading 5 unused Assets to reduce memory usage. Loaded Objects now: 1833.
Total: 170.988100 ms (FindLiveObjects: 0.537300 ms CreateObjectMapping: 0.179200 ms MarkObjects: 170.108700 ms  DeleteObjects: 0.157600 ms)

========================================================================
Received Prepare
Registering precompiled user dll's ...
Registered in 0.001061 seconds.
Begin MonoManager ReloadAssembly
Native extension for WindowsStandalone target not found
Refreshing native plugins compatible for Editor in 0.35 ms, found 0 plugins.
Preloading 0 native plugins for Editor in 0.00 ms.
Invoked RoslynAnalysisRunner static constructor.
RoslynAnalysisRunner will not be running.
RoslynAnalysisRunner has terminated.
Mono: successfully reloaded assembly
- Completed reload, in  2.876 seconds
Platform modules already initialized, skipping
Refreshing native plugins compatible for Editor in 0.32 ms, found 0 plugins.
Preloading 0 native plugins for Editor in 0.00 ms.
Unloading 1251 Unused Serialized files (Serialized files now loaded: 0)
System memory in use before: 67.3 MB.
System memory in use after: 67.4 MB.

Unloading 5 unused Assets to reduce memory usage. Loaded Objects now: 1837.
Total: 2.732600 ms (FindLiveObjects: 0.305300 ms CreateObjectMapping: 0.098000 ms MarkObjects: 2.211900 ms  DeleteObjects: 0.115600 ms)

========================================================================
Received Prepare
Registering precompiled user dll's ...
Registered in 0.022299 seconds.
Begin MonoManager ReloadAssembly
Native extension for WindowsStandalone target not found
Refreshing native plugins compatible for Editor in 0.70 ms, found 0 plugins.
Preloading 0 native plugins for Editor in 0.00 ms.
Invoked RoslynAnalysisRunner static constructor.
RoslynAnalysisRunner will not be running.
RoslynAnalysisRunner has terminated.
Mono: successfully reloaded assembly
- Completed reload, in 21.050 seconds
Platform modules already initialized, skipping
Refreshing native plugins compatible for Editor in 0.98 ms, found 0 plugins.
Preloading 0 native plugins for Editor in 0.00 ms.
Unloading 1251 Unused Serialized files (Serialized files now loaded: 0)
System memory in use before: 67.3 MB.
System memory in use after: 67.4 MB.

Unloading 5 unused Assets to reduce memory usage. Loaded Objects now: 1840.
Total: 175.568300 ms (FindLiveObjects: 9.691200 ms CreateObjectMapping: 0.151100 ms MarkObjects: 152.879500 ms  DeleteObjects: 12.843200 ms)

========================================================================
Received Import Request.
  Time since last request: 39895.266407 seconds.
  path: Assets/dataSave
  artifactKey: Guid(4667720011e4fef4d807d049bc7dfa92) Importer(815301076,1909f56bfc062723c751e8b465ee728b)
Start importing Assets/dataSave using Guid(4667720011e4fef4d807d049bc7dfa92) Importer(815301076,1909f56bfc062723c751e8b465ee728b)  -> (artifact id: '334095c061f6041d2175cdd6289029e6') in 0.171697 seconds
  Import took 0.230072 seconds .

========================================================================
Received Prepare
Registering precompiled user dll's ...
Registered in 0.000995 seconds.
Begin MonoManager ReloadAssembly
Native extension for WindowsStandalone target not found
Refreshing native plugins compatible for Editor in 0.31 ms, found 0 plugins.
Preloading 0 native plugins for Editor in 0.00 ms.
Invoked RoslynAnalysisRunner static constructor.
RoslynAnalysisRunner will not be running.
RoslynAnalysisRunner has terminated.
Mono: successfully reloaded assembly
- Completed reload, in  5.283 seconds
Platform modules already initialized, skipping
Refreshing native plugins compatible for Editor in 0.40 ms, found 0 plugins.
Preloading 0 native plugins for Editor in 0.00 ms.
Unloading 1252 Unused Serialized files (Serialized files now loaded: 0)
System memory in use before: 67.4 MB.
System memory in use after: 67.5 MB.

Unloading 5 unused Assets to reduce memory usage. Loaded Objects now: 1844.
Total: 3.331100 ms (FindLiveObjects: 0.360600 ms CreateObjectMapping: 0.089200 ms MarkObjects: 2.732300 ms  DeleteObjects: 0.146700 ms)

========================================================================
Received Prepare
Registering precompiled user dll's ...
Registered in 0.000775 seconds.
Begin MonoManager ReloadAssembly
Native extension for WindowsStandalone target not found
Refreshing native plugins compatible for Editor in 0.68 ms, found 0 plugins.
Preloading 0 native plugins for Editor in 0.00 ms.
Invoked RoslynAnalysisRunner static constructor.
RoslynAnalysisRunner will not be running.
RoslynAnalysisRunner has terminated.
Mono: successfully reloaded assembly
- Completed reload, in  2.497 seconds
Platform modules already initialized, skipping
Refreshing native plugins compatible for Editor in 0.56 ms, found 0 plugins.
Preloading 0 native plugins for Editor in 0.00 ms.
Unloading 1252 Unused Serialized files (Serialized files now loaded: 0)
System memory in use before: 67.4 MB.
System memory in use after: 67.5 MB.

Unloading 5 unused Assets to reduce memory usage. Loaded Objects now: 1847.
Total: 3.025500 ms (FindLiveObjects: 0.311100 ms CreateObjectMapping: 0.098400 ms MarkObjects: 2.515900 ms  DeleteObjects: 0.097400 ms)

========================================================================
Received Import Request.
  Time since last request: 190.339864 seconds.
  path: Assets/Code/CameraMove.cs
  artifactKey: Guid(a81c3d2fe913e924aa7dec826e055ac3) Importer(815301076,1909f56bfc062723c751e8b465ee728b)
Start importing Assets/Code/CameraMove.cs using Guid(a81c3d2fe913e924aa7dec826e055ac3) Importer(815301076,1909f56bfc062723c751e8b465ee728b)  -> (artifact id: '69f350a0d0a4227568329ce881b52a8b') in 0.413967 seconds
  Import took 0.420558 seconds .

========================================================================
Received Import Request.
  Time since last request: 247.126852 seconds.
  path: Assets/Code/Interface
  artifactKey: Guid(4a617bf9b1e364742926e71374ebb6a7) Importer(815301076,1909f56bfc062723c751e8b465ee728b)
Start importing Assets/Code/Interface using Guid(4a617bf9b1e364742926e71374ebb6a7) Importer(815301076,1909f56bfc062723c751e8b465ee728b)  -> (artifact id: '6bb96b6596297d68debf2696e9066723') in 0.086377 seconds
  Import took 0.100463 seconds .

========================================================================
Received Import Request.
  Time since last request: 12.685070 seconds.
  path: Assets/Code/IAddSpeed.cs
  artifactKey: Guid(54b3fcc1e48eb5f478085c465bc9d40e) Importer(815301076,1909f56bfc062723c751e8b465ee728b)
Start importing Assets/Code/IAddSpeed.cs using Guid(54b3fcc1e48eb5f478085c465bc9d40e) Importer(815301076,1909f56bfc062723c751e8b465ee728b)  -> (artifact id: '7d65b6afb70c241cd30b73c50c4ace18') in 0.003049 seconds
  Import took 0.024294 seconds .

========================================================================
Received Prepare
Registering precompiled user dll's ...
Registered in 0.000732 seconds.
Begin MonoManager ReloadAssembly
Native extension for WindowsStandalone target not found
Refreshing native plugins compatible for Editor in 0.49 ms, found 0 plugins.
Preloading 0 native plugins for Editor in 0.00 ms.
Invoked RoslynAnalysisRunner static constructor.
RoslynAnalysisRunner will not be running.
RoslynAnalysisRunner has terminated.
Mono: successfully reloaded assembly
- Completed reload, in  2.176 seconds
Platform modules already initialized, skipping
Refreshing native plugins compatible for Editor in 0.30 ms, found 0 plugins.
Preloading 0 native plugins for Editor in 0.00 ms.
Unloading 1252 Unused Serialized files (Serialized files now loaded: 0)
System memory in use before: 67.4 MB.
System memory in use after: 67.5 MB.

Unloading 5 unused Assets to reduce memory usage. Loaded Objects now: 1850.
Total: 1.836800 ms (FindLiveObjects: 0.165100 ms CreateObjectMapping: 0.047900 ms MarkObjects: 1.563900 ms  DeleteObjects: 0.058700 ms)

========================================================================
Received Import Request.
  Time since last request: 42.400766 seconds.
  path: Assets/Code/Interface/MarkerLowerSpeed.cs
  artifactKey: Guid(8e81ad7fc9116ea4fbd2a59ac3f2c483) Importer(815301076,1909f56bfc062723c751e8b465ee728b)
Start importing Assets/Code/Interface/MarkerLowerSpeed.cs using Guid(8e81ad7fc9116ea4fbd2a59ac3f2c483) Importer(815301076,1909f56bfc062723c751e8b465ee728b)  -> (artifact id: '5c88193599ff37cf3dd7000978a74110') in 0.006137 seconds
  Import took 0.026815 seconds .

========================================================================
Received Prepare
Registering precompiled user dll's ...
Registered in 0.001162 seconds.
Begin MonoManager ReloadAssembly
Native extension for WindowsStandalone target not found
Refreshing native plugins compatible for Editor in 0.25 ms, found 0 plugins.
Preloading 0 native plugins for Editor in 0.00 ms.
Invoked RoslynAnalysisRunner static constructor.
RoslynAnalysisRunner will not be running.
RoslynAnalysisRunner has terminated.
Mono: successfully reloaded assembly
- Completed reload, in  1.190 seconds
Platform modules already initialized, skipping
Refreshing native plugins compatible for Editor in 0.79 ms, found 0 plugins.
Preloading 0 native plugins for Editor in 0.00 ms.
Unloading 1252 Unused Serialized files (Serialized files now loaded: 0)
System memory in use before: 67.4 MB.
System memory in use after: 67.5 MB.

Unloading 5 unused Assets to reduce memory usage. Loaded Objects now: 1853.
Total: 3.608300 ms (FindLiveObjects: 0.387700 ms CreateObjectMapping: 0.109400 ms MarkObjects: 2.996800 ms  DeleteObjects: 0.111200 ms)

========================================================================
Received Import Request.
  Time since last request: 24.657878 seconds.
  path: Assets/Code/Interface/MarkerInvicibility.cs
  artifactKey: Guid(12138213a3509d74691fd4f89f18c8e1) Importer(815301076,1909f56bfc062723c751e8b465ee728b)
Start importing Assets/Code/Interface/MarkerInvicibility.cs using Guid(12138213a3509d74691fd4f89f18c8e1) Importer(815301076,1909f56bfc062723c751e8b465ee728b)  -> (artifact id: '62f5476073817df0d512d5bde7970163') in 0.006223 seconds
  Import took 0.020246 seconds .

========================================================================
Received Import Request.
  Time since last request: 0.008786 seconds.
  path: Assets/Code/Interface/MarkerInvicibility.cs
  artifactKey: Guid(12138213a3509d74691fd4f89f18c8e1) Importer(815301076,1909f56bfc062723c751e8b465ee728b)
Start importing Assets/Code/Interface/MarkerInvicibility.cs using Guid(12138213a3509d74691fd4f89f18c8e1) Importer(815301076,1909f56bfc062723c751e8b465ee728b)  -> (artifact id: '62f5476073817df0d512d5bde7970163') in 0.007186 seconds
  Import took 0.067124 seconds .

========================================================================
Received Import Request.
  Time since last request: 1.448402 seconds.
  path: Assets/Code/Interface/MarkerFastSpeedPPr.cs
  artifactKey: Guid(3d382d7f11f612f4fb22e31daac0d881) Importer(815301076,1909f56bfc062723c751e8b465ee728b)
Start importing Assets/Code/Interface/MarkerFastSpeedPPr.cs using Guid(3d382d7f11f612f4fb22e31daac0d881) Importer(815301076,1909f56bfc062723c751e8b465ee728b)  -> (artifact id: '8f586b0344423d99ab82ebf4154199ff') in 0.003023 seconds
  Import took 0.013662 seconds .

========================================================================
Received Import Request.
  Time since last request: 7.855613 seconds.
  path: Assets/Code/Interface/MarkerDeathTrap.cs
  artifactKey: Guid(128c9ffc5f4bd5d439f0365969c2cccb) Importer(815301076,1909f56bfc062723c751e8b465ee728b)
Start importing Assets/Code/Interface/MarkerDeathTrap.cs using Guid(128c9ffc5f4bd5d439f0365969c2cccb) Importer(815301076,1909f56bfc062723c751e8b465ee728b)  -> (artifact id: 'fee179c6ee0b14c9386324affda060c3') in 0.009326 seconds
  Import took 0.020043 seconds .

========================================================================
Received Import Request.
  Time since last request: 0.008918 seconds.
  path: Assets/Code/Interface/MarkerDeathTrap.cs
  artifactKey: Guid(128c9ffc5f4bd5d439f0365969c2cccb) Importer(815301076,1909f56bfc062723c751e8b465ee728b)
Start importing Assets/Code/Interface/MarkerDeathTrap.cs using Guid(128c9ffc5f4bd5d439f0365969c2cccb) Importer(815301076,1909f56bfc062723c751e8b465ee728b)  -> (artifact id: 'fee179c6ee0b14c9386324affda060c3') in 0.011875 seconds
  Import took 0.018771 seconds .

========================================================================
Received Import Request.
  Time since last request: 3.482170 seconds.
  path: Assets/Code/Interface/ILowerSpeed.cs
  artifactKey: Guid(53a61eddd27b66d42ab1075e9e2cf364) Importer(815301076,1909f56bfc062723c751e8b465ee728b)
Start importing Assets/Code/Interface/ILowerSpeed.cs using Guid(53a61eddd27b66d42ab1075e9e2cf364) Importer(815301076,1909f56bfc062723c751e8b465ee728b)  -> (artifact id: 'e3d2e77fd3dacc2e26071c6e7dc903ca') in 0.003408 seconds
  Import took 0.025938 seconds .

========================================================================
Received Import Request.
  Time since last request: 31.889968 seconds.
  path: Assets/Code/Interface/MarkerMainCamera.cs
  artifactKey: Guid(be302d2805cb4fb46ab45f0f32ea7167) Importer(815301076,1909f56bfc062723c751e8b465ee728b)
Start importing Assets/Code/Interface/MarkerMainCamera.cs using Guid(be302d2805cb4fb46ab45f0f32ea7167) Importer(815301076,1909f56bfc062723c751e8b465ee728b)  -> (artifact id: '9d4434ad78f120cc4e4fc20f7f89e277') in 0.072581 seconds
  Import took 0.094415 seconds .

========================================================================
Received Prepare
Registering precompiled user dll's ...
Registered in 0.000670 seconds.
Begin MonoManager ReloadAssembly
Native extension for WindowsStandalone target not found
Refreshing native plugins compatible for Editor in 0.35 ms, found 0 plugins.
Preloading 0 native plugins for Editor in 0.00 ms.
Invoked RoslynAnalysisRunner static constructor.
RoslynAnalysisRunner will not be running.
RoslynAnalysisRunner has terminated.
Mono: successfully reloaded assembly
- Completed reload, in  1.597 seconds
Platform modules already initialized, skipping
Refreshing native plugins compatible for Editor in 0.27 ms, found 0 plugins.
Preloading 0 native plugins for Editor in 0.00 ms.
Unloading 1253 Unused Serialized files (Serialized files now loaded: 0)
System memory in use before: 67.4 MB.
System memory in use after: 67.5 MB.

Unloading 5 unused Assets to reduce memory usage. Loaded Objects now: 1857.
Total: 1.934200 ms (FindLiveObjects: 0.161700 ms CreateObjectMapping: 0.061500 ms MarkObjects: 1.629900 ms  DeleteObjects: 0.080400 ms)

========================================================================
Received Prepare
Registering precompiled user dll's ...
Registered in 0.001033 seconds.
Begin MonoManager ReloadAssembly
Native extension for WindowsStandalone target not found
Refreshing native plugins compatible for Editor in 0.39 ms, found 0 plugins.
Preloading 0 native plugins for Editor in 0.00 ms.
Invoked RoslynAnalysisRunner static constructor.
RoslynAnalysisRunner will not be running.
RoslynAnalysisRunner has terminated.
Mono: successfully reloaded assembly
- Completed reload, in  2.907 seconds
Platform modules already initialized, skipping
Refreshing native plugins compatible for Editor in 0.28 ms, found 0 plugins.
Preloading 0 native plugins for Editor in 0.00 ms.
Unloading 1253 Unused Serialized files (Serialized files now loaded: 0)
System memory in use before: 67.4 MB.
System memory in use after: 67.5 MB.

Unloading 5 unused Assets to reduce memory usage. Loaded Objects now: 1860.
Total: 2.079400 ms (FindLiveObjects: 0.208000 ms CreateObjectMapping: 0.045100 ms MarkObjects: 1.750200 ms  DeleteObjects: 0.074500 ms)

========================================================================
Received Prepare
Registering precompiled user dll's ...
Registered in 0.000714 seconds.
Begin MonoManager ReloadAssembly
Native extension for WindowsStandalone target not found
Refreshing native plugins compatible for Editor in 0.28 ms, found 0 plugins.
Preloading 0 native plugins for Editor in 0.00 ms.
Invoked RoslynAnalysisRunner static constructor.
RoslynAnalysisRunner will not be running.
RoslynAnalysisRunner has terminated.
Mono: successfully reloaded assembly
- Completed reload, in  1.045 seconds
Platform modules already initialized, skipping
Refreshing native plugins compatible for Editor in 0.28 ms, found 0 plugins.
Preloading 0 native plugins for Editor in 0.00 ms.
Unloading 1254 Unused Serialized files (Serialized files now loaded: 0)
System memory in use before: 67.4 MB.
System memory in use after: 67.5 MB.

Unloading 5 unused Assets to reduce memory usage. Loaded Objects now: 1864.
Total: 2.474800 ms (FindLiveObjects: 0.284100 ms CreateObjectMapping: 0.073900 ms MarkObjects: 2.020700 ms  DeleteObjects: 0.094400 ms)

========================================================================
Received Prepare
Registering precompiled user dll's ...
Registered in 0.000719 seconds.
Begin MonoManager ReloadAssembly
Native extension for WindowsStandalone target not found
Refreshing native plugins compatible for Editor in 0.27 ms, found 0 plugins.
Preloading 0 native plugins for Editor in 0.00 ms.
Invoked RoslynAnalysisRunner static constructor.
RoslynAnalysisRunner will not be running.
RoslynAnalysisRunner has terminated.
Mono: successfully reloaded assembly
- Completed reload, in  2.715 seconds
Platform modules already initialized, skipping
Refreshing native plugins compatible for Editor in 0.30 ms, found 0 plugins.
Preloading 0 native plugins for Editor in 0.00 ms.
Unloading 1255 Unused Serialized files (Serialized files now loaded: 0)
System memory in use before: 67.5 MB.
System memory in use after: 67.5 MB.

Unloading 5 unused Assets to reduce memory usage. Loaded Objects now: 1868.
Total: 53.608800 ms (FindLiveObjects: 0.185900 ms CreateObjectMapping: 0.054800 ms MarkObjects: 53.152700 ms  DeleteObjects: 0.210900 ms)

========================================================================
Received Prepare
Registering precompiled user dll's ...
Registered in 0.000742 seconds.
Begin MonoManager ReloadAssembly
Native extension for WindowsStandalone target not found
Refreshing native plugins compatible for Editor in 0.27 ms, found 0 plugins.
Preloading 0 native plugins for Editor in 0.00 ms.
Invoked RoslynAnalysisRunner static constructor.
RoslynAnalysisRunner will not be running.
RoslynAnalysisRunner has terminated.
Mono: successfully reloaded assembly
- Completed reload, in  1.037 seconds
Platform modules already initialized, skipping
Refreshing native plugins compatible for Editor in 0.35 ms, found 0 plugins.
Preloading 0 native plugins for Editor in 0.00 ms.
Unloading 1255 Unused Serialized files (Serialized files now loaded: 0)
System memory in use before: 67.5 MB.
System memory in use after: 67.6 MB.

Unloading 5 unused Assets to reduce memory usage. Loaded Objects now: 1871.
Total: 2.140400 ms (FindLiveObjects: 0.198700 ms CreateObjectMapping: 0.050400 ms MarkObjects: 1.795100 ms  DeleteObjects: 0.095200 ms)

========================================================================
Received Import Request.
  Time since last request: 2234.180394 seconds.
  path: Assets/Code/InputData.cs
  artifactKey: Guid(8302c24745da4f2bb46fe1ff221b8e27) Importer(815301076,1909f56bfc062723c751e8b465ee728b)
Start importing Assets/Code/InputData.cs using Guid(8302c24745da4f2bb46fe1ff221b8e27) Importer(815301076,1909f56bfc062723c751e8b465ee728b)  -> (artifact id: 'cca4a0751da862ad3d083ee04a92820c') in 0.055416 seconds
  Import took 0.068127 seconds .

========================================================================
Received Import Request.
  Time since last request: 70.144808 seconds.
  path: Assets/Code/InputData.asset
  artifactKey: Guid(4af5168ce04cd5649853c79d7676a6b4) Importer(815301076,1909f56bfc062723c751e8b465ee728b)
Start importing Assets/Code/InputData.asset using Guid(4af5168ce04cd5649853c79d7676a6b4) Importer(815301076,1909f56bfc062723c751e8b465ee728b)  -> (artifact id: '816218a546d9dd523818821c87cd6410') in 0.822817 seconds
  Import took 0.844017 seconds .

========================================================================
Received Prepare
Registering precompiled user dll's ...
Registered in 0.000945 seconds.
Begin MonoManager ReloadAssembly
Native extension for WindowsStandalone target not found
Refreshing native plugins compatible for Editor in 0.44 ms, found 0 plugins.
Preloading 0 native plugins for Editor in 0.00 ms.
Invoked RoslynAnalysisRunner static constructor.
RoslynAnalysisRunner will not be running.
RoslynAnalysisRunner has terminated.
Mono: successfully reloaded assembly
- Completed reload, in  1.231 seconds
Platform modules already initialized, skipping
Refreshing native plugins compatible for Editor in 0.29 ms, found 0 plugins.
Preloading 0 native plugins for Editor in 0.00 ms.
Unloading 1255 Unused Serialized files (Serialized files now loaded: 0)
System memory in use before: 67.5 MB.
System memory in use after: 67.6 MB.

Unloading 5 unused Assets to reduce memory usage. Loaded Objects now: 1874.
Total: 4.611000 ms (FindLiveObjects: 0.513300 ms CreateObjectMapping: 0.182900 ms MarkObjects: 3.772900 ms  DeleteObjects: 0.138600 ms)

========================================================================
Received Prepare
Registering precompiled user dll's ...
Registered in 0.000836 seconds.
Begin MonoManager ReloadAssembly
Native extension for WindowsStandalone target not found
Refreshing native plugins compatible for Editor in 0.30 ms, found 0 plugins.
Preloading 0 native plugins for Editor in 0.00 ms.
Invoked RoslynAnalysisRunner static constructor.
RoslynAnalysisRunner will not be running.
RoslynAnalysisRunner has terminated.
Mono: successfully reloaded assembly
- Completed reload, in  1.253 seconds
Platform modules already initialized, skipping
Refreshing native plugins compatible for Editor in 0.28 ms, found 0 plugins.
Preloading 0 native plugins for Editor in 0.00 ms.
Unloading 1255 Unused Serialized files (Serialized files now loaded: 0)
System memory in use before: 67.5 MB.
System memory in use after: 67.6 MB.

Unloading 5 unused Assets to reduce memory usage. Loaded Objects now: 1877.
Total: 1.850700 ms (FindLiveObjects: 0.175400 ms CreateObjectMapping: 0.042000 ms MarkObjects: 1.542700 ms  DeleteObjects: 0.089800 ms)

========================================================================
Received Prepare
Registering precompiled user dll's ...
Registered in 0.001227 seconds.
Begin MonoManager ReloadAssembly
Native extension for WindowsStandalone target not found
Refreshing native plugins compatible for Editor in 0.26 ms, found 0 plugins.
Preloading 0 native plugins for Editor in 0.00 ms.
Invoked RoslynAnalysisRunner static constructor.
RoslynAnalysisRunner will not be running.
RoslynAnalysisRunner has terminated.
Mono: successfully reloaded assembly
- Completed reload, in  0.892 seconds
Platform modules already initialized, skipping
Refreshing native plugins compatible for Editor in 0.28 ms, found 0 plugins.
Preloading 0 native plugins for Editor in 0.00 ms.
Unloading 1256 Unused Serialized files (Serialized files now loaded: 0)
System memory in use before: 67.5 MB.
System memory in use after: 67.6 MB.

Unloading 5 unused Assets to reduce memory usage. Loaded Objects now: 1881.
Total: 1.947200 ms (FindLiveObjects: 0.211600 ms CreateObjectMapping: 0.045300 ms MarkObjects: 1.621000 ms  DeleteObjects: 0.068200 ms)

========================================================================
Received Prepare
Registering precompiled user dll's ...
Registered in 0.000749 seconds.
Begin MonoManager ReloadAssembly
Native extension for WindowsStandalone target not found
Refreshing native plugins compatible for Editor in 0.29 ms, found 0 plugins.
Preloading 0 native plugins for Editor in 0.00 ms.
Invoked RoslynAnalysisRunner static constructor.
RoslynAnalysisRunner will not be running.
RoslynAnalysisRunner has terminated.
Mono: successfully reloaded assembly
- Completed reload, in  0.930 seconds
Platform modules already initialized, skipping
Refreshing native plugins compatible for Editor in 0.27 ms, found 0 plugins.
Preloading 0 native plugins for Editor in 0.00 ms.
Unloading 1257 Unused Serialized files (Serialized files now loaded: 0)
System memory in use before: 67.5 MB.
System memory in use after: 67.6 MB.

Unloading 5 unused Assets to reduce memory usage. Loaded Objects now: 1885.
Total: 1.757500 ms (FindLiveObjects: 0.196100 ms CreateObjectMapping: 0.044400 ms MarkObjects: 1.433700 ms  DeleteObjects: 0.082500 ms)

========================================================================
Received Prepare
Registering precompiled user dll's ...
Registered in 0.000670 seconds.
Begin MonoManager ReloadAssembly
Native extension for WindowsStandalone target not found
Refreshing native plugins compatible for Editor in 0.27 ms, found 0 plugins.
Preloading 0 native plugins for Editor in 0.00 ms.
Invoked RoslynAnalysisRunner static constructor.
RoslynAnalysisRunner will not be running.
RoslynAnalysisRunner has terminated.
Mono: successfully reloaded assembly
- Completed reload, in  0.847 seconds
Platform modules already initialized, skipping
Refreshing native plugins compatible for Editor in 0.26 ms, found 0 plugins.
Preloading 0 native plugins for Editor in 0.00 ms.
Unloading 1258 Unused Serialized files (Serialized files now loaded: 0)
System memory in use before: 67.6 MB.
System memory in use after: 67.6 MB.

Unloading 5 unused Assets to reduce memory usage. Loaded Objects now: 1889.
Total: 1.980200 ms (FindLiveObjects: 0.184800 ms CreateObjectMapping: 0.049500 ms MarkObjects: 1.639600 ms  DeleteObjects: 0.105400 ms)

========================================================================
Received Prepare
Registering precompiled user dll's ...
Registered in 0.000807 seconds.
Begin MonoManager ReloadAssembly
Native extension for WindowsStandalone target not found
Refreshing native plugins compatible for Editor in 0.29 ms, found 0 plugins.
Preloading 0 native plugins for Editor in 0.00 ms.
Invoked RoslynAnalysisRunner static constructor.
RoslynAnalysisRunner will not be running.
RoslynAnalysisRunner has terminated.
Mono: successfully reloaded assembly
- Completed reload, in  0.834 seconds
Platform modules already initialized, skipping
Refreshing native plugins compatible for Editor in 0.28 ms, found 0 plugins.
Preloading 0 native plugins for Editor in 0.00 ms.
Unloading 1258 Unused Serialized files (Serialized files now loaded: 0)
System memory in use before: 67.6 MB.
System memory in use after: 67.7 MB.

Unloading 5 unused Assets to reduce memory usage. Loaded Objects now: 1892.
Total: 2.257400 ms (FindLiveObjects: 0.196000 ms CreateObjectMapping: 0.044200 ms MarkObjects: 1.922100 ms  DeleteObjects: 0.094200 ms)

========================================================================
Received Import Request.
  Time since last request: 2421.045651 seconds.
  path: Assets/Textures
  artifactKey: Guid(bed5a3ec96793ea4da172fc08be8db94) Importer(815301076,1909f56bfc062723c751e8b465ee728b)
Start importing Assets/Textures using Guid(bed5a3ec96793ea4da172fc08be8db94) Importer(815301076,1909f56bfc062723c751e8b465ee728b)  -> (artifact id: '721c7d7a3aa2c29c9e057c69c47cf829') in 0.005606 seconds
  Import took 0.019596 seconds .

========================================================================
Received Import Request.
  Time since last request: 19.444561 seconds.
  path: Assets/Textures/MiniMap
  artifactKey: Guid(c93f2cde1cdf9d3469e4833739c5f9db) Importer(815301076,1909f56bfc062723c751e8b465ee728b)
Start importing Assets/Textures/MiniMap using Guid(c93f2cde1cdf9d3469e4833739c5f9db) Importer(815301076,1909f56bfc062723c751e8b465ee728b)  -> (artifact id: 'ee09f4ef2556bb78bbc04f18ae1466a4') in 0.005048 seconds
  Import took 0.026314 seconds .

========================================================================
Received Import Request.
  Time since last request: 1.267580 seconds.
  path: Assets/Textures/MiniMap/MiniMapTexture.renderTexture
  artifactKey: Guid(5460b2dfd53e789489e952e4f2941463) Importer(815301076,1909f56bfc062723c751e8b465ee728b)
Start importing Assets/Textures/MiniMap/MiniMapTexture.renderTexture using Guid(5460b2dfd53e789489e952e4f2941463) Importer(815301076,1909f56bfc062723c751e8b465ee728b)  -> (artifact id: 'b8f1202299ed8646da7bc1cad51463ac') in 0.701886 seconds
  Import took 0.705484 seconds .

========================================================================
Received Prepare
Registering precompiled user dll's ...
Registered in 0.000718 seconds.
Begin MonoManager ReloadAssembly
Native extension for WindowsStandalone target not found
Refreshing native plugins compatible for Editor in 0.39 ms, found 0 plugins.
Preloading 0 native plugins for Editor in 0.00 ms.
Invoked RoslynAnalysisRunner static constructor.
RoslynAnalysisRunner will not be running.
RoslynAnalysisRunner has terminated.
Mono: successfully reloaded assembly
- Completed reload, in  1.117 seconds
Platform modules already initialized, skipping
Refreshing native plugins compatible for Editor in 0.26 ms, found 0 plugins.
Preloading 0 native plugins for Editor in 0.00 ms.
Unloading 1258 Unused Serialized files (Serialized files now loaded: 0)
System memory in use before: 67.6 MB.
System memory in use after: 67.7 MB.

Unloading 5 unused Assets to reduce memory usage. Loaded Objects now: 1897.
Total: 2.054500 ms (FindLiveObjects: 0.215500 ms CreateObjectMapping: 0.098200 ms MarkObjects: 1.550600 ms  DeleteObjects: 0.188900 ms)

========================================================================
Received Import Request.
  Time since last request: 1118.830453 seconds.
  path: Assets/Materials/AddSSph.mat
  artifactKey: Guid(9ba43b0dd2caf324fbf749d437462965) Importer(815301076,1909f56bfc062723c751e8b465ee728b)
Start importing Assets/Materials/AddSSph.mat using Guid(9ba43b0dd2caf324fbf749d437462965) Importer(815301076,1909f56bfc062723c751e8b465ee728b)  -> (artifact id: 'b1bb3f5472744906b95e7593c5ed9a5f') in 5.563131 seconds
  Import took 5.583045 seconds .

========================================================================
Received Import Request.
  Time since last request: 0.000755 seconds.
  path: Assets/Materials
  artifactKey: Guid(63b42c6a0e4ba9640bf65d93bc565fd5) Importer(815301076,1909f56bfc062723c751e8b465ee728b)
Start importing Assets/Materials using Guid(63b42c6a0e4ba9640bf65d93bc565fd5) Importer(815301076,1909f56bfc062723c751e8b465ee728b)  -> (artifact id: 'e26aac7ecf7cc775952087895ba18807') in 0.027179 seconds
  Import took 0.037336 seconds .

========================================================================
Received Import Request.
  Time since last request: 0.000381 seconds.
  path: Assets/Materials/InvisibilityCube.mat
  artifactKey: Guid(9fed564fcaf0d604a8453b0b7324fbcc) Importer(815301076,1909f56bfc062723c751e8b465ee728b)
Start importing Assets/Materials/InvisibilityCube.mat using Guid(9fed564fcaf0d604a8453b0b7324fbcc) Importer(815301076,1909f56bfc062723c751e8b465ee728b)  -> (artifact id: '1a1c7e04bf6944d6fa3a94e67527ff0e') in 1.601750 seconds
  Import took 1.620639 seconds .

========================================================================
Received Import Request.
  Time since last request: 0.000556 seconds.
  path: Assets/Materials/DeathCapsule.mat
  artifactKey: Guid(da47ec68e546c0046aa76d47732ed8d0) Importer(815301076,1909f56bfc062723c751e8b465ee728b)
Start importing Assets/Materials/DeathCapsule.mat using Guid(da47ec68e546c0046aa76d47732ed8d0) Importer(815301076,1909f56bfc062723c751e8b465ee728b)  -> (artifact id: '416ba1d7cf8724f5a63995e5a96323fd') in 0.206355 seconds
  Import took 0.232478 seconds .

========================================================================
Received Import Request.
  Time since last request: 4.883398 seconds.
  path: Assets/Materials/AddSSph.mat
  artifactKey: Guid(9ba43b0dd2caf324fbf749d437462965) Importer(815301076,1909f56bfc062723c751e8b465ee728b)
Start importing Assets/Materials/AddSSph.mat using Guid(9ba43b0dd2caf324fbf749d437462965) Importer(815301076,1909f56bfc062723c751e8b465ee728b)  -> (artifact id: 'b1bb3f5472744906b95e7593c5ed9a5f') in 0.029255 seconds
  Import took 0.034144 seconds .

========================================================================
Received Import Request.
  Time since last request: 181.947797 seconds.
  path: Assets/Materials/New Material.mat
  artifactKey: Guid(41f17884629d1d544b666711ccb1188d) Importer(815301076,1909f56bfc062723c751e8b465ee728b)
Start importing Assets/Materials/New Material.mat using Guid(41f17884629d1d544b666711ccb1188d) Importer(815301076,1909f56bfc062723c751e8b465ee728b)  -> (artifact id: 'b2f530ed5f2ee6327cb28b878f401038') in 0.116720 seconds
  Import took 0.131769 seconds .

========================================================================
Received Prepare
Registering precompiled user dll's ...
Registered in 0.000672 seconds.
Begin MonoManager ReloadAssembly
Native extension for WindowsStandalone target not found
Refreshing native plugins compatible for Editor in 0.29 ms, found 0 plugins.
Preloading 0 native plugins for Editor in 0.00 ms.
Invoked RoslynAnalysisRunner static constructor.
RoslynAnalysisRunner will not be running.
RoslynAnalysisRunner has terminated.
Mono: successfully reloaded assembly
- Completed reload, in 10.549 seconds
Platform modules already initialized, skipping
Refreshing native plugins compatible for Editor in 0.83 ms, found 0 plugins.
Preloading 0 native plugins for Editor in 0.00 ms.
Unloading 1258 Unused Serialized files (Serialized files now loaded: 0)
System memory in use before: 67.7 MB.
System memory in use after: 67.7 MB.

Unloading 5 unused Assets to reduce memory usage. Loaded Objects now: 1901.
Total: 22.464600 ms (FindLiveObjects: 0.294800 ms CreateObjectMapping: 0.195100 ms MarkObjects: 21.848600 ms  DeleteObjects: 0.123400 ms)

========================================================================
Received Import Request.
  Time since last request: 528.369964 seconds.
  path: Assets
  artifactKey: Guid(00000000000000001000000000000000) Importer(815301076,1909f56bfc062723c751e8b465ee728b)
Start importing Assets using Guid(00000000000000001000000000000000) Importer(815301076,1909f56bfc062723c751e8b465ee728b)  -> (artifact id: 'a6374019befeac6ce670f13ba9960efb') in 0.008200 seconds
  Import took 0.029426 seconds .

========================================================================
Received Import Request.
  Time since last request: 6.876222 seconds.
  path: Assets/Resources
  artifactKey: Guid(440a9e24ca83b5a44b7f6df0058f04b7) Importer(815301076,1909f56bfc062723c751e8b465ee728b)
Start importing Assets/Resources using Guid(440a9e24ca83b5a44b7f6df0058f04b7) Importer(815301076,1909f56bfc062723c751e8b465ee728b)  -> (artifact id: '72f67f8524181593cc93a90af2a67582') in 0.003069 seconds
  Import took 0.005488 seconds .

========================================================================
Received Prepare
Registering precompiled user dll's ...
Registered in 0.093368 seconds.
Begin MonoManager ReloadAssembly
Native extension for WindowsStandalone target not found
Refreshing native plugins compatible for Editor in 0.29 ms, found 0 plugins.
Preloading 0 native plugins for Editor in 0.00 ms.
Invoked RoslynAnalysisRunner static constructor.
RoslynAnalysisRunner will not be running.
RoslynAnalysisRunner has terminated.
Mono: successfully reloaded assembly
- Completed reload, in  5.518 seconds
Platform modules already initialized, skipping
Refreshing native plugins compatible for Editor in 0.61 ms, found 0 plugins.
Preloading 0 native plugins for Editor in 0.00 ms.
Unloading 1259 Unused Serialized files (Serialized files now loaded: 0)
System memory in use before: 67.7 MB.
System memory in use after: 67.8 MB.

Unloading 5 unused Assets to reduce memory usage. Loaded Objects now: 1905.
Total: 4.346300 ms (FindLiveObjects: 0.303200 ms CreateObjectMapping: 0.110800 ms MarkObjects: 3.756000 ms  DeleteObjects: 0.173700 ms)

========================================================================
Received Prepare
Registering precompiled user dll's ...
Registered in 0.022869 seconds.
Begin MonoManager ReloadAssembly
Native extension for WindowsStandalone target not found
Refreshing native plugins compatible for Editor in 0.43 ms, found 0 plugins.
Preloading 0 native plugins for Editor in 0.00 ms.
Invoked RoslynAnalysisRunner static constructor.
RoslynAnalysisRunner will not be running.
RoslynAnalysisRunner has terminated.
Mono: successfully reloaded assembly
- Completed reload, in  8.260 seconds
Platform modules already initialized, skipping
Refreshing native plugins compatible for Editor in 23.69 ms, found 0 plugins.
Preloading 0 native plugins for Editor in 0.00 ms.
Unloading 1262 Unused Serialized files (Serialized files now loaded: 0)
System memory in use before: 67.8 MB.
System memory in use after: 67.8 MB.

Unloading 5 unused Assets to reduce memory usage. Loaded Objects now: 1911.
Total: 41.885300 ms (FindLiveObjects: 0.453100 ms CreateObjectMapping: 0.175100 ms MarkObjects: 40.964100 ms  DeleteObjects: 0.286700 ms)

========================================================================
Received Import Request.
  Time since last request: 10380.173531 seconds.
  path: Assets/Code/BonusCode/BonusSpawn.cs
  artifactKey: Guid(d24cfc4b0cf94cb2ae6981f2092c7faf) Importer(815301076,1909f56bfc062723c751e8b465ee728b)
Start importing Assets/Code/BonusCode/BonusSpawn.cs using Guid(d24cfc4b0cf94cb2ae6981f2092c7faf) Importer(815301076,1909f56bfc062723c751e8b465ee728b)  -> (artifact id: '9d44f796625ecb98f46fcb085a332de8') in 0.132266 seconds
  Import took 0.141718 seconds .

========================================================================
Received Import Request.
  Time since last request: 0.222341 seconds.
  path: Assets/Code/BonusCode/BonusSpawn.cs
  artifactKey: Guid(d24cfc4b0cf94cb2ae6981f2092c7faf) Importer(815301076,1909f56bfc062723c751e8b465ee728b)
Start importing Assets/Code/BonusCode/BonusSpawn.cs using Guid(d24cfc4b0cf94cb2ae6981f2092c7faf) Importer(815301076,1909f56bfc062723c751e8b465ee728b)  -> (artifact id: '9d44f796625ecb98f46fcb085a332de8') in 0.008256 seconds
  Import took 0.036890 seconds .

========================================================================
Received Import Request.
  Time since last request: 8.749009 seconds.
  path: Assets/Code/BonusCode/DataBonus.cs
  artifactKey: Guid(adb2a5f4d61e8d3439d2cf3e11b4aca1) Importer(815301076,1909f56bfc062723c751e8b465ee728b)
Start importing Assets/Code/BonusCode/DataBonus.cs using Guid(adb2a5f4d61e8d3439d2cf3e11b4aca1) Importer(815301076,1909f56bfc062723c751e8b465ee728b)  -> (artifact id: '66a0bb6beee4efd6c8368b3b50d83843') in 0.002652 seconds
  Import took 0.026677 seconds .

========================================================================
Received Prepare
Registering precompiled user dll's ...
Registered in 0.000822 seconds.
Begin MonoManager ReloadAssembly
Native extension for WindowsStandalone target not found
Refreshing native plugins compatible for Editor in 0.65 ms, found 0 plugins.
Preloading 0 native plugins for Editor in 0.00 ms.
Invoked RoslynAnalysisRunner static constructor.
RoslynAnalysisRunner will not be running.
RoslynAnalysisRunner has terminated.
Mono: successfully reloaded assembly
- Completed reload, in  2.843 seconds
Platform modules already initialized, skipping
Refreshing native plugins compatible for Editor in 0.35 ms, found 0 plugins.
Preloading 0 native plugins for Editor in 0.00 ms.
Unloading 1262 Unused Serialized files (Serialized files now loaded: 0)
System memory in use before: 67.8 MB.
System memory in use after: 67.8 MB.

Unloading 5 unused Assets to reduce memory usage. Loaded Objects now: 1914.
Total: 2.700300 ms (FindLiveObjects: 0.256100 ms CreateObjectMapping: 0.083200 ms MarkObjects: 2.286500 ms  DeleteObjects: 0.073000 ms)

========================================================================
Received Prepare
Registering precompiled user dll's ...
Registered in 0.000724 seconds.
Begin MonoManager ReloadAssembly
Native extension for WindowsStandalone target not found
Refreshing native plugins compatible for Editor in 0.26 ms, found 0 plugins.
Preloading 0 native plugins for Editor in 0.00 ms.
Invoked RoslynAnalysisRunner static constructor.
RoslynAnalysisRunner will not be running.
RoslynAnalysisRunner has terminated.
Mono: successfully reloaded assembly
- Completed reload, in  1.652 seconds
Platform modules already initialized, skipping
Refreshing native plugins compatible for Editor in 0.26 ms, found 0 plugins.
Preloading 0 native plugins for Editor in 0.00 ms.
Unloading 1262 Unused Serialized files (Serialized files now loaded: 0)
System memory in use before: 67.8 MB.
System memory in use after: 67.9 MB.

Unloading 5 unused Assets to reduce memory usage. Loaded Objects now: 1917.
Total: 1.766800 ms (FindLiveObjects: 0.164900 ms CreateObjectMapping: 0.042100 ms MarkObjects: 1.503000 ms  DeleteObjects: 0.055600 ms)

========================================================================
Received Prepare
Registering precompiled user dll's ...
Registered in 0.000740 seconds.
Begin MonoManager ReloadAssembly
Native extension for WindowsStandalone target not found
Refreshing native plugins compatible for Editor in 0.38 ms, found 0 plugins.
Preloading 0 native plugins for Editor in 0.00 ms.
Invoked RoslynAnalysisRunner static constructor.
RoslynAnalysisRunner will not be running.
RoslynAnalysisRunner has terminated.
Mono: successfully reloaded assembly
- Completed reload, in  1.185 seconds
Platform modules already initialized, skipping
Refreshing native plugins compatible for Editor in 0.33 ms, found 0 plugins.
Preloading 0 native plugins for Editor in 0.00 ms.
Unloading 1262 Unused Serialized files (Serialized files now loaded: 0)
System memory in use before: 67.8 MB.
System memory in use after: 67.9 MB.

Unloading 5 unused Assets to reduce memory usage. Loaded Objects now: 1920.
Total: 2.565800 ms (FindLiveObjects: 0.298100 ms CreateObjectMapping: 0.073200 ms MarkObjects: 2.123300 ms  DeleteObjects: 0.070100 ms)

========================================================================
Received Import Request.
  Time since last request: 868.767852 seconds.
  path: Assets/Code/BonusCode/BonusSpawn.cs
  artifactKey: Guid(d24cfc4b0cf94cb2ae6981f2092c7faf) Importer(815301076,1909f56bfc062723c751e8b465ee728b)
Start importing Assets/Code/BonusCode/BonusSpawn.cs using Guid(d24cfc4b0cf94cb2ae6981f2092c7faf) Importer(815301076,1909f56bfc062723c751e8b465ee728b)  -> (artifact id: '5acf29943b8de8894fc24371dbf6a89b') in 0.005870 seconds
  Import took 0.025892 seconds .

========================================================================
Received Import Request.
  Time since last request: 0.007529 seconds.
  path: Assets/Code/BonusCode/BonusSpawn.cs
  artifactKey: Guid(d24cfc4b0cf94cb2ae6981f2092c7faf) Importer(815301076,1909f56bfc062723c751e8b465ee728b)
Start importing Assets/Code/BonusCode/BonusSpawn.cs using Guid(d24cfc4b0cf94cb2ae6981f2092c7faf) Importer(815301076,1909f56bfc062723c751e8b465ee728b)  -> (artifact id: '5acf29943b8de8894fc24371dbf6a89b') in 0.003210 seconds
  Import took 0.005877 seconds .

========================================================================
Received Prepare
Registering precompiled user dll's ...
Registered in 0.000807 seconds.
Begin MonoManager ReloadAssembly
Native extension for WindowsStandalone target not found
Refreshing native plugins compatible for Editor in 0.26 ms, found 0 plugins.
Preloading 0 native plugins for Editor in 0.00 ms.
Invoked RoslynAnalysisRunner static constructor.
RoslynAnalysisRunner will not be running.
RoslynAnalysisRunner has terminated.
Mono: successfully reloaded assembly
- Completed reload, in  2.100 seconds
Platform modules already initialized, skipping
Refreshing native plugins compatible for Editor in 0.27 ms, found 0 plugins.
Preloading 0 native plugins for Editor in 0.00 ms.
Unloading 1263 Unused Serialized files (Serialized files now loaded: 0)
System memory in use before: 67.8 MB.
System memory in use after: 67.9 MB.

Unloading 5 unused Assets to reduce memory usage. Loaded Objects now: 1924.
Total: 1.961500 ms (FindLiveObjects: 0.167500 ms CreateObjectMapping: 0.041900 ms MarkObjects: 1.679700 ms  DeleteObjects: 0.071300 ms)

========================================================================
Received Prepare
Registering precompiled user dll's ...
Registered in 0.000825 seconds.
Begin MonoManager ReloadAssembly
Native extension for WindowsStandalone target not found
Refreshing native plugins compatible for Editor in 0.26 ms, found 0 plugins.
Preloading 0 native plugins for Editor in 0.00 ms.
Invoked RoslynAnalysisRunner static constructor.
RoslynAnalysisRunner will not be running.
RoslynAnalysisRunner has terminated.
Mono: successfully reloaded assembly
- Completed reload, in  1.858 seconds
Platform modules already initialized, skipping
Refreshing native plugins compatible for Editor in 0.34 ms, found 0 plugins.
Preloading 0 native plugins for Editor in 0.00 ms.
Unloading 1263 Unused Serialized files (Serialized files now loaded: 0)
System memory in use before: 67.8 MB.
System memory in use after: 67.9 MB.

Unloading 5 unused Assets to reduce memory usage. Loaded Objects now: 1927.
Total: 2.142600 ms (FindLiveObjects: 0.204600 ms CreateObjectMapping: 0.091200 ms MarkObjects: 1.762000 ms  DeleteObjects: 0.083800 ms)

========================================================================
Received Prepare
Registering precompiled user dll's ...
Registered in 0.000793 seconds.
Begin MonoManager ReloadAssembly
Native extension for WindowsStandalone target not found
Refreshing native plugins compatible for Editor in 0.25 ms, found 0 plugins.
Preloading 0 native plugins for Editor in 0.00 ms.
Invoked RoslynAnalysisRunner static constructor.
RoslynAnalysisRunner will not be running.
RoslynAnalysisRunner has terminated.
Mono: successfully reloaded assembly
- Completed reload, in  1.027 seconds
Platform modules already initialized, skipping
Refreshing native plugins compatible for Editor in 0.28 ms, found 0 plugins.
Preloading 0 native plugins for Editor in 0.00 ms.
Unloading 1263 Unused Serialized files (Serialized files now loaded: 0)
System memory in use before: 67.8 MB.
System memory in use after: 67.9 MB.

Unloading 5 unused Assets to reduce memory usage. Loaded Objects now: 1930.
Total: 2.776000 ms (FindLiveObjects: 0.216500 ms CreateObjectMapping: 0.107600 ms MarkObjects: 2.330000 ms  DeleteObjects: 0.120200 ms)

========================================================================
Received Prepare
Registering precompiled user dll's ...
Registered in 0.000903 seconds.
Begin MonoManager ReloadAssembly
Native extension for WindowsStandalone target not found
Refreshing native plugins compatible for Editor in 0.28 ms, found 0 plugins.
Preloading 0 native plugins for Editor in 0.00 ms.
Invoked RoslynAnalysisRunner static constructor.
RoslynAnalysisRunner will not be running.
RoslynAnalysisRunner has terminated.
Mono: successfully reloaded assembly
- Completed reload, in  1.135 seconds
Platform modules already initialized, skipping
Refreshing native plugins compatible for Editor in 0.27 ms, found 0 plugins.
Preloading 0 native plugins for Editor in 0.00 ms.
Unloading 1263 Unused Serialized files (Serialized files now loaded: 0)
System memory in use before: 67.8 MB.
System memory in use after: 67.9 MB.

Unloading 5 unused Assets to reduce memory usage. Loaded Objects now: 1933.
Total: 3.105000 ms (FindLiveObjects: 0.162300 ms CreateObjectMapping: 0.044300 ms MarkObjects: 2.798700 ms  DeleteObjects: 0.098400 ms)

========================================================================
Received Prepare
Registering precompiled user dll's ...
Registered in 0.000758 seconds.
Begin MonoManager ReloadAssembly
Native extension for WindowsStandalone target not found
Refreshing native plugins compatible for Editor in 0.28 ms, found 0 plugins.
Preloading 0 native plugins for Editor in 0.00 ms.
Invoked RoslynAnalysisRunner static constructor.
RoslynAnalysisRunner will not be running.
RoslynAnalysisRunner has terminated.
Mono: successfully reloaded assembly
- Completed reload, in  1.019 seconds
Platform modules already initialized, skipping
Refreshing native plugins compatible for Editor in 0.27 ms, found 0 plugins.
Preloading 0 native plugins for Editor in 0.00 ms.
Unloading 1263 Unused Serialized files (Serialized files now loaded: 0)
System memory in use before: 67.8 MB.
System memory in use after: 67.9 MB.

Unloading 5 unused Assets to reduce memory usage. Loaded Objects now: 1936.
Total: 2.762700 ms (FindLiveObjects: 0.289800 ms CreateObjectMapping: 0.112700 ms MarkObjects: 2.273100 ms  DeleteObjects: 0.085500 ms)

========================================================================
Received Prepare
Registering precompiled user dll's ...
Registered in 0.000707 seconds.
Begin MonoManager ReloadAssembly
Native extension for WindowsStandalone target not found
Refreshing native plugins compatible for Editor in 0.40 ms, found 0 plugins.
Preloading 0 native plugins for Editor in 0.00 ms.
Invoked RoslynAnalysisRunner static constructor.
RoslynAnalysisRunner will not be running.
RoslynAnalysisRunner has terminated.
Mono: successfully reloaded assembly
- Completed reload, in  1.065 seconds
Platform modules already initialized, skipping
Refreshing native plugins compatible for Editor in 0.30 ms, found 0 plugins.
Preloading 0 native plugins for Editor in 0.00 ms.
Unloading 1263 Unused Serialized files (Serialized files now loaded: 0)
System memory in use before: 67.8 MB.
System memory in use after: 67.9 MB.

Unloading 5 unused Assets to reduce memory usage. Loaded Objects now: 1939.
Total: 2.427700 ms (FindLiveObjects: 0.256700 ms CreateObjectMapping: 0.104300 ms MarkObjects: 1.999200 ms  DeleteObjects: 0.066000 ms)

========================================================================
Received Prepare
Registering precompiled user dll's ...
Registered in 0.000819 seconds.
Begin MonoManager ReloadAssembly
Native extension for WindowsStandalone target not found
Refreshing native plugins compatible for Editor in 0.27 ms, found 0 plugins.
Preloading 0 native plugins for Editor in 0.00 ms.
Invoked RoslynAnalysisRunner static constructor.
RoslynAnalysisRunner will not be running.
RoslynAnalysisRunner has terminated.
Mono: successfully reloaded assembly
- Completed reload, in  0.894 seconds
Platform modules already initialized, skipping
Refreshing native plugins compatible for Editor in 0.32 ms, found 0 plugins.
Preloading 0 native plugins for Editor in 0.00 ms.
Unloading 1263 Unused Serialized files (Serialized files now loaded: 0)
System memory in use before: 67.8 MB.
System memory in use after: 67.9 MB.

Unloading 5 unused Assets to reduce memory usage. Loaded Objects now: 1942.
Total: 2.263400 ms (FindLiveObjects: 0.206900 ms CreateObjectMapping: 0.082400 ms MarkObjects: 1.898300 ms  DeleteObjects: 0.073900 ms)

========================================================================
Received Prepare
Registering precompiled user dll's ...
Registered in 0.000670 seconds.
Begin MonoManager ReloadAssembly
Native extension for WindowsStandalone target not found
Refreshing native plugins compatible for Editor in 0.32 ms, found 0 plugins.
Preloading 0 native plugins for Editor in 0.00 ms.
Invoked RoslynAnalysisRunner static constructor.
RoslynAnalysisRunner will not be running.
RoslynAnalysisRunner has terminated.
Mono: successfully reloaded assembly
- Completed reload, in  0.965 seconds
Platform modules already initialized, skipping
Refreshing native plugins compatible for Editor in 0.41 ms, found 0 plugins.
Preloading 0 native plugins for Editor in 0.00 ms.
Unloading 1263 Unused Serialized files (Serialized files now loaded: 0)
System memory in use before: 67.8 MB.
System memory in use after: 67.9 MB.

Unloading 5 unused Assets to reduce memory usage. Loaded Objects now: 1945.
Total: 2.016900 ms (FindLiveObjects: 0.201800 ms CreateObjectMapping: 0.044500 ms MarkObjects: 1.686400 ms  DeleteObjects: 0.083300 ms)

AssetImportWorkerClient::OnTransportError - code=2 error=End of file
